<?xml version="1.0" encoding="UTF-8"?>
<testsuite name="HammingTest" tests="7" skipped="4" failures="2" errors="0" timestamp="2020-04-22T22:57:29" hostname="DESKTOP-7LPFUP5" time="0.084">
  <properties/>
  <testcase name="single letter identical strands" classname="HammingTest" time="0.054">
    <failure message="java.lang.StackOverflowError" type="java.lang.StackOverflowError">java.lang.StackOverflowError
	at kotlin.collections.CollectionsKt___CollectionsKt.single(_Collections.kt:516)
	at kotlin.collections.CollectionsKt___CollectionsKt.single(_Collections.kt:499)
	at kotlin.text.StringsKt__StringsKt.findAnyOf$StringsKt__StringsKt(Strings.kt:896)
	at kotlin.text.StringsKt__StringsKt.access$findAnyOf(Strings.kt:1)
	at kotlin.text.StringsKt__StringsKt$rangesDelimitedBy$4.invoke(Strings.kt:1167)
	at kotlin.text.StringsKt__StringsKt$rangesDelimitedBy$4.invoke(Strings.kt)
	at kotlin.text.DelimitedRangesSequence$iterator$1.calcNext(Strings.kt:1095)
	at kotlin.text.DelimitedRangesSequence$iterator$1.hasNext(Strings.kt:1124)
	at kotlin.text.StringsKt__StringsKt.split(Strings.kt:1430)
	at kotlin.text.StringsKt__StringsKt.split$default(Strings.kt:1199)
	at Hamming.hamming(Hamming.kt:16)
	at Hamming.hamming(Hamming.kt:21)
	at Hamming.hamming(Hamming.kt:21)
	at Hamming.hamming(Hamming.kt:21)
	at Hamming.hamming(Hamming.kt:21)
	at Hamming.hamming(Hamming.kt:21)
	at Hamming.hamming(Hamming.kt:21)
	at Hamming.hamming(Hamming.kt:21)
	at Hamming.hamming(Hamming.kt:21)
	at Hamming.hamming(Hamming.kt:21)
	at Hamming.hamming(Hamming.kt:21)
	at Hamming.hamming(Hamming.kt:21)
	at Hamming.hamming(Hamming.kt:21)
	at Hamming.hamming(Hamming.kt:21)
	at Hamming.hamming(Hamming.kt:21)
	at Hamming.hamming(Hamming.kt:21)
	at Hamming.hamming(Hamming.kt:21)
	at Hamming.hamming(Hamming.kt:21)
	at Hamming.hamming(Hamming.kt:21)
	at Hamming.hamming(Hamming.kt:21)
	at Hamming.hamming(Hamming.kt:21)
	at Hamming.hamming(Hamming.kt:21)
	at Hamming.hamming(Hamming.kt:21)
	at Hamming.hamming(Hamming.kt:21)
	at Hamming.hamming(Hamming.kt:21)
	at Hamming.hamming(Hamming.kt:21)
	at Hamming.hamming(Hamming.kt:21)
	at Hamming.hamming(Hamming.kt:21)
	at Hamming.hamming(Hamming.kt:21)
	at Hamming.hamming(Hamming.kt:21)
	at Hamming.hamming(Hamming.kt:21)
	at Hamming.hamming(Hamming.kt:21)
	at Hamming.hamming(Hamming.kt:21)
	at Hamming.hamming(Hamming.kt:21)
	at Hamming.hamming(Hamming.kt:21)
	at Hamming.hamming(Hamming.kt:21)
	at Hamming.hamming(Hamming.kt:21)
	at Hamming.hamming(Hamming.kt:21)
	at Hamming.hamming(Hamming.kt:21)
	at Hamming.hamming(Hamming.kt:21)
	at Hamming.hamming(Hamming.kt:21)
	at Hamming.hamming(Hamming.kt:21)
	at Hamming.hamming(Hamming.kt:21)
	at Hamming.hamming(Hamming.kt:21)
	at Hamming.hamming(Hamming.kt:21)
	at Hamming.hamming(Hamming.kt:21)
	at Hamming.hamming(Hamming.kt:21)
	at Hamming.hamming(Hamming.kt:21)
	at Hamming.hamming(Hamming.kt:21)
	at Hamming.hamming(Hamming.kt:21)
	at Hamming.hamming(Hamming.kt:21)
	at Hamming.hamming(Hamming.kt:21)
	at Hamming.hamming(Hamming.kt:21)
	at Hamming.hamming(Hamming.kt:21)
	at Hamming.hamming(Hamming.kt:21)
	at Hamming.hamming(Hamming.kt:21)
	at Hamming.hamming(Hamming.kt:21)
	at Hamming.hamming(Hamming.kt:21)
	at Hamming.hamming(Hamming.kt:21)
	at Hamming.hamming(Hamming.kt:21)
	at Hamming.hamming(Hamming.kt:21)
	at Hamming.hamming(Hamming.kt:21)
	at Hamming.hamming(Hamming.kt:21)
	at Hamming.hamming(Hamming.kt:21)
	at Hamming.hamming(Hamming.kt:21)
	at Hamming.hamming(Hamming.kt:21)
	at Hamming.hamming(Hamming.kt:21)
	at Hamming.hamming(Hamming.kt:21)
	at Hamming.hamming(Hamming.kt:21)
	at Hamming.hamming(Hamming.kt:21)
	at Hamming.hamming(Hamming.kt:21)
	at Hamming.hamming(Hamming.kt:21)
	at Hamming.hamming(Hamming.kt:21)
	at Hamming.hamming(Hamming.kt:21)
	at Hamming.hamming(Hamming.kt:21)
	at Hamming.hamming(Hamming.kt:21)
	at Hamming.hamming(Hamming.kt:21)
	at Hamming.hamming(Hamming.kt:21)
	at Hamming.hamming(Hamming.kt:21)
	at Hamming.hamming(Hamming.kt:21)
	at Hamming.hamming(Hamming.kt:21)
	at Hamming.hamming(Hamming.kt:21)
	at Hamming.hamming(Hamming.kt:21)
	at Hamming.hamming(Hamming.kt:21)
	at Hamming.hamming(Hamming.kt:21)
	at Hamming.hamming(Hamming.kt:21)
	at Hamming.hamming(Hamming.kt:21)
	at Hamming.hamming(Hamming.kt:21)
	at Hamming.hamming(Hamming.kt:21)
	at Hamming.hamming(Hamming.kt:21)
	at Hamming.hamming(Hamming.kt:21)
	at Hamming.hamming(Hamming.kt:21)
	at Hamming.hamming(Hamming.kt:21)
	at Hamming.hamming(Hamming.kt:21)
	at Hamming.hamming(Hamming.kt:21)
	at Hamming.hamming(Hamming.kt:21)
	at Hamming.hamming(Hamming.kt:21)
	at Hamming.hamming(Hamming.kt:21)
	at Hamming.hamming(Hamming.kt:21)
	at Hamming.hamming(Hamming.kt:21)
	at Hamming.hamming(Hamming.kt:21)
	at Hamming.hamming(Hamming.kt:21)
	at Hamming.hamming(Hamming.kt:21)
	at Hamming.hamming(Hamming.kt:21)
	at Hamming.hamming(Hamming.kt:21)
	at Hamming.hamming(Hamming.kt:21)
	at Hamming.hamming(Hamming.kt:21)
	at Hamming.hamming(Hamming.kt:21)
	at Hamming.hamming(Hamming.kt:21)
	at Hamming.hamming(Hamming.kt:21)
	at Hamming.hamming(Hamming.kt:21)
	at Hamming.hamming(Hamming.kt:21)
	at Hamming.hamming(Hamming.kt:21)
	at Hamming.hamming(Hamming.kt:21)
	at Hamming.hamming(Hamming.kt:21)
	at Hamming.hamming(Hamming.kt:21)
	at Hamming.hamming(Hamming.kt:21)
	at Hamming.hamming(Hamming.kt:21)
	at Hamming.hamming(Hamming.kt:21)
	at Hamming.hamming(Hamming.kt:21)
	at Hamming.hamming(Hamming.kt:21)
	at Hamming.hamming(Hamming.kt:21)
	at Hamming.hamming(Hamming.kt:21)
	at Hamming.hamming(Hamming.kt:21)
	at Hamming.hamming(Hamming.kt:21)
	at Hamming.hamming(Hamming.kt:21)
	at Hamming.hamming(Hamming.kt:21)
	at Hamming.hamming(Hamming.kt:21)
	at Hamming.hamming(Hamming.kt:21)
	at Hamming.hamming(Hamming.kt:21)
	at Hamming.hamming(Hamming.kt:21)
	at Hamming.hamming(Hamming.kt:21)
	at Hamming.hamming(Hamming.kt:21)
	at Hamming.hamming(Hamming.kt:21)
	at Hamming.hamming(Hamming.kt:21)
	at Hamming.hamming(Hamming.kt:21)
	at Hamming.hamming(Hamming.kt:21)
	at Hamming.hamming(Hamming.kt:21)
	at Hamming.hamming(Hamming.kt:21)
	at Hamming.hamming(Hamming.kt:21)
	at Hamming.hamming(Hamming.kt:21)
	at Hamming.hamming(Hamming.kt:21)
	at Hamming.hamming(Hamming.kt:21)
	at Hamming.hamming(Hamming.kt:21)
	at Hamming.hamming(Hamming.kt:21)
	at Hamming.hamming(Hamming.kt:21)
	at Hamming.hamming(Hamming.kt:21)
	at Hamming.hamming(Hamming.kt:21)
	at Hamming.hamming(Hamming.kt:21)
	at Hamming.hamming(Hamming.kt:21)
	at Hamming.hamming(Hamming.kt:21)
	at Hamming.hamming(Hamming.kt:21)
	at Hamming.hamming(Hamming.kt:21)
	at Hamming.hamming(Hamming.kt:21)
	at Hamming.hamming(Hamming.kt:21)
	at Hamming.hamming(Hamming.kt:21)
	at Hamming.hamming(Hamming.kt:21)
	at Hamming.hamming(Hamming.kt:21)
	at Hamming.hamming(Hamming.kt:21)
	at Hamming.hamming(Hamming.kt:21)
	at Hamming.hamming(Hamming.kt:21)
	at Hamming.hamming(Hamming.kt:21)
	at Hamming.hamming(Hamming.kt:21)
	at Hamming.hamming(Hamming.kt:21)
	at Hamming.hamming(Hamming.kt:21)
	at Hamming.hamming(Hamming.kt:21)
	at Hamming.hamming(Hamming.kt:21)
	at Hamming.hamming(Hamming.kt:21)
	at Hamming.hamming(Hamming.kt:21)
	at Hamming.hamming(Hamming.kt:21)
	at Hamming.hamming(Hamming.kt:21)
	at Hamming.hamming(Hamming.kt:21)
	at Hamming.hamming(Hamming.kt:21)
	at Hamming.hamming(Hamming.kt:21)
	at Hamming.hamming(Hamming.kt:21)
	at Hamming.hamming(Hamming.kt:21)
	at Hamming.hamming(Hamming.kt:21)
	at Hamming.hamming(Hamming.kt:21)
	at Hamming.hamming(Hamming.kt:21)
	at Hamming.hamming(Hamming.kt:21)
	at Hamming.hamming(Hamming.kt:21)
	at Hamming.hamming(Hamming.kt:21)
	at Hamming.hamming(Hamming.kt:21)
	at Hamming.hamming(Hamming.kt:21)
	at Hamming.hamming(Hamming.kt:21)
	at Hamming.hamming(Hamming.kt:21)
	at Hamming.hamming(Hamming.kt:21)
	at Hamming.hamming(Hamming.kt:21)
	at Hamming.hamming(Hamming.kt:21)
	at Hamming.hamming(Hamming.kt:21)
	at Hamming.hamming(Hamming.kt:21)
	at Hamming.hamming(Hamming.kt:21)
	at Hamming.hamming(Hamming.kt:21)
	at Hamming.hamming(Hamming.kt:21)
	at Hamming.hamming(Hamming.kt:21)
	at Hamming.hamming(Hamming.kt:21)
	at Hamming.hamming(Hamming.kt:21)
	at Hamming.hamming(Hamming.kt:21)
	at Hamming.hamming(Hamming.kt:21)
	at Hamming.hamming(Hamming.kt:21)
	at Hamming.hamming(Hamming.kt:21)
	at Hamming.hamming(Hamming.kt:21)
	at Hamming.hamming(Hamming.kt:21)
	at Hamming.hamming(Hamming.kt:21)
	at Hamming.hamming(Hamming.kt:21)
	at Hamming.hamming(Hamming.kt:21)
	at Hamming.hamming(Hamming.kt:21)
	at Hamming.hamming(Hamming.kt:21)
	at Hamming.hamming(Hamming.kt:21)
	at Hamming.hamming(Hamming.kt:21)
	at Hamming.hamming(Hamming.kt:21)
	at Hamming.hamming(Hamming.kt:21)
	at Hamming.hamming(Hamming.kt:21)
	at Hamming.hamming(Hamming.kt:21)
	at Hamming.hamming(Hamming.kt:21)
	at Hamming.hamming(Hamming.kt:21)
	at Hamming.hamming(Hamming.kt:21)
	at Hamming.hamming(Hamming.kt:21)
	at Hamming.hamming(Hamming.kt:21)
	at Hamming.hamming(Hamming.kt:21)
	at Hamming.hamming(Hamming.kt:21)
	at Hamming.hamming(Hamming.kt:21)
	at Hamming.hamming(Hamming.kt:21)
	at Hamming.hamming(Hamming.kt:21)
	at Hamming.hamming(Hamming.kt:21)
	at Hamming.hamming(Hamming.kt:21)
	at Hamming.hamming(Hamming.kt:21)
	at Hamming.hamming(Hamming.kt:21)
	at Hamming.hamming(Hamming.kt:21)
	at Hamming.hamming(Hamming.kt:21)
	at Hamming.hamming(Hamming.kt:21)
	at Hamming.hamming(Hamming.kt:21)
	at Hamming.hamming(Hamming.kt:21)
	at Hamming.hamming(Hamming.kt:21)
	at Hamming.hamming(Hamming.kt:21)
	at Hamming.hamming(Hamming.kt:21)
	at Hamming.hamming(Hamming.kt:21)
	at Hamming.hamming(Hamming.kt:21)
	at Hamming.hamming(Hamming.kt:21)
	at Hamming.hamming(Hamming.kt:21)
	at Hamming.hamming(Hamming.kt:21)
	at Hamming.hamming(Hamming.kt:21)
	at Hamming.hamming(Hamming.kt:21)
	at Hamming.hamming(Hamming.kt:21)
	at Hamming.hamming(Hamming.kt:21)
	at Hamming.hamming(Hamming.kt:21)
	at Hamming.hamming(Hamming.kt:21)
	at Hamming.hamming(Hamming.kt:21)
	at Hamming.hamming(Hamming.kt:21)
	at Hamming.hamming(Hamming.kt:21)
	at Hamming.hamming(Hamming.kt:21)
	at Hamming.hamming(Hamming.kt:21)
	at Hamming.hamming(Hamming.kt:21)
	at Hamming.hamming(Hamming.kt:21)
	at Hamming.hamming(Hamming.kt:21)
	at Hamming.hamming(Hamming.kt:21)
	at Hamming.hamming(Hamming.kt:21)
	at Hamming.hamming(Hamming.kt:21)
	at Hamming.hamming(Hamming.kt:21)
	at Hamming.hamming(Hamming.kt:21)
	at Hamming.hamming(Hamming.kt:21)
	at Hamming.hamming(Hamming.kt:21)
	at Hamming.hamming(Hamming.kt:21)
	at Hamming.hamming(Hamming.kt:21)
	at Hamming.hamming(Hamming.kt:21)
	at Hamming.hamming(Hamming.kt:21)
	at Hamming.hamming(Hamming.kt:21)
	at Hamming.hamming(Hamming.kt:21)
	at Hamming.hamming(Hamming.kt:21)
	at Hamming.hamming(Hamming.kt:21)
	at Hamming.hamming(Hamming.kt:21)
	at Hamming.hamming(Hamming.kt:21)
	at Hamming.hamming(Hamming.kt:21)
	at Hamming.hamming(Hamming.kt:21)
	at Hamming.hamming(Hamming.kt:21)
	at Hamming.hamming(Hamming.kt:21)
	at Hamming.hamming(Hamming.kt:21)
	at Hamming.hamming(Hamming.kt:21)
	at Hamming.hamming(Hamming.kt:21)
	at Hamming.hamming(Hamming.kt:21)
	at Hamming.hamming(Hamming.kt:21)
	at Hamming.hamming(Hamming.kt:21)
	at Hamming.hamming(Hamming.kt:21)
	at Hamming.hamming(Hamming.kt:21)
	at Hamming.hamming(Hamming.kt:21)
	at Hamming.hamming(Hamming.kt:21)
	at Hamming.hamming(Hamming.kt:21)
	at Hamming.hamming(Hamming.kt:21)
	at Hamming.hamming(Hamming.kt:21)
	at Hamming.hamming(Hamming.kt:21)
	at Hamming.hamming(Hamming.kt:21)
	at Hamming.hamming(Hamming.kt:21)
	at Hamming.hamming(Hamming.kt:21)
	at Hamming.hamming(Hamming.kt:21)
	at Hamming.hamming(Hamming.kt:21)
	at Hamming.hamming(Hamming.kt:21)
	at Hamming.hamming(Hamming.kt:21)
	at Hamming.hamming(Hamming.kt:21)
	at Hamming.hamming(Hamming.kt:21)
	at Hamming.hamming(Hamming.kt:21)
	at Hamming.hamming(Hamming.kt:21)
	at Hamming.hamming(Hamming.kt:21)
	at Hamming.hamming(Hamming.kt:21)
	at Hamming.hamming(Hamming.kt:21)
	at Hamming.hamming(Hamming.kt:21)
	at Hamming.hamming(Hamming.kt:21)
	at Hamming.hamming(Hamming.kt:21)
	at Hamming.hamming(Hamming.kt:21)
	at Hamming.hamming(Hamming.kt:21)
	at Hamming.hamming(Hamming.kt:21)
	at Hamming.hamming(Hamming.kt:21)
	at Hamming.hamming(Hamming.kt:21)
	at Hamming.hamming(Hamming.kt:21)
	at Hamming.hamming(Hamming.kt:21)
	at Hamming.hamming(Hamming.kt:21)
	at Hamming.hamming(Hamming.kt:21)
	at Hamming.hamming(Hamming.kt:21)
	at Hamming.hamming(Hamming.kt:21)
	at Hamming.hamming(Hamming.kt:21)
	at Hamming.hamming(Hamming.kt:21)
	at Hamming.hamming(Hamming.kt:21)
	at Hamming.hamming(Hamming.kt:21)
	at Hamming.hamming(Hamming.kt:21)
	at Hamming.hamming(Hamming.kt:21)
	at Hamming.hamming(Hamming.kt:21)
	at Hamming.hamming(Hamming.kt:21)
	at Hamming.hamming(Hamming.kt:21)
	at Hamming.hamming(Hamming.kt:21)
	at Hamming.hamming(Hamming.kt:21)
	at Hamming.hamming(Hamming.kt:21)
	at Hamming.hamming(Hamming.kt:21)
	at Hamming.hamming(Hamming.kt:21)
	at Hamming.hamming(Hamming.kt:21)
	at Hamming.hamming(Hamming.kt:21)
	at Hamming.hamming(Hamming.kt:21)
	at Hamming.hamming(Hamming.kt:21)
	at Hamming.hamming(Hamming.kt:21)
	at Hamming.hamming(Hamming.kt:21)
	at Hamming.hamming(Hamming.kt:21)
	at Hamming.hamming(Hamming.kt:21)
	at Hamming.hamming(Hamming.kt:21)
	at Hamming.hamming(Hamming.kt:21)
	at Hamming.hamming(Hamming.kt:21)
	at Hamming.hamming(Hamming.kt:21)
	at Hamming.hamming(Hamming.kt:21)
	at Hamming.hamming(Hamming.kt:21)
	at Hamming.hamming(Hamming.kt:21)
	at Hamming.hamming(Hamming.kt:21)
	at Hamming.hamming(Hamming.kt:21)
	at Hamming.hamming(Hamming.kt:21)
	at Hamming.hamming(Hamming.kt:21)
	at Hamming.hamming(Hamming.kt:21)
	at Hamming.hamming(Hamming.kt:21)
	at Hamming.hamming(Hamming.kt:21)
	at Hamming.hamming(Hamming.kt:21)
	at Hamming.hamming(Hamming.kt:21)
	at Hamming.hamming(Hamming.kt:21)
	at Hamming.hamming(Hamming.kt:21)
	at Hamming.hamming(Hamming.kt:21)
	at Hamming.hamming(Hamming.kt:21)
	at Hamming.hamming(Hamming.kt:21)
	at Hamming.hamming(Hamming.kt:21)
	at Hamming.hamming(Hamming.kt:21)
	at Hamming.hamming(Hamming.kt:21)
	at Hamming.hamming(Hamming.kt:21)
	at Hamming.hamming(Hamming.kt:21)
	at Hamming.hamming(Hamming.kt:21)
	at Hamming.hamming(Hamming.kt:21)
	at Hamming.hamming(Hamming.kt:21)
	at Hamming.hamming(Hamming.kt:21)
	at Hamming.hamming(Hamming.kt:21)
	at Hamming.hamming(Hamming.kt:21)
	at Hamming.hamming(Hamming.kt:21)
	at Hamming.hamming(Hamming.kt:21)
	at Hamming.hamming(Hamming.kt:21)
	at Hamming.hamming(Hamming.kt:21)
	at Hamming.hamming(Hamming.kt:21)
	at Hamming.hamming(Hamming.kt:21)
	at Hamming.hamming(Hamming.kt:21)
	at Hamming.hamming(Hamming.kt:21)
	at Hamming.hamming(Hamming.kt:21)
	at Hamming.hamming(Hamming.kt:21)
	at Hamming.hamming(Hamming.kt:21)
	at Hamming.hamming(Hamming.kt:21)
	at Hamming.hamming(Hamming.kt:21)
	at Hamming.hamming(Hamming.kt:21)
	at Hamming.hamming(Hamming.kt:21)
	at Hamming.hamming(Hamming.kt:21)
	at Hamming.hamming(Hamming.kt:21)
	at Hamming.hamming(Hamming.kt:21)
	at Hamming.hamming(Hamming.kt:21)
	at Hamming.hamming(Hamming.kt:21)
	at Hamming.hamming(Hamming.kt:21)
	at Hamming.hamming(Hamming.kt:21)
	at Hamming.hamming(Hamming.kt:21)
	at Hamming.hamming(Hamming.kt:21)
	at Hamming.hamming(Hamming.kt:21)
	at Hamming.hamming(Hamming.kt:21)
	at Hamming.hamming(Hamming.kt:21)
	at Hamming.hamming(Hamming.kt:21)
	at Hamming.hamming(Hamming.kt:21)
	at Hamming.hamming(Hamming.kt:21)
	at Hamming.hamming(Hamming.kt:21)
	at Hamming.hamming(Hamming.kt:21)
	at Hamming.hamming(Hamming.kt:21)
	at Hamming.hamming(Hamming.kt:21)
	at Hamming.hamming(Hamming.kt:21)
	at Hamming.hamming(Hamming.kt:21)
	at Hamming.hamming(Hamming.kt:21)
	at Hamming.hamming(Hamming.kt:21)
	at Hamming.hamming(Hamming.kt:21)
	at Hamming.hamming(Hamming.kt:21)
	at Hamming.hamming(Hamming.kt:21)
	at Hamming.hamming(Hamming.kt:21)
	at Hamming.hamming(Hamming.kt:21)
	at Hamming.hamming(Hamming.kt:21)
	at Hamming.hamming(Hamming.kt:21)
	at Hamming.hamming(Hamming.kt:21)
	at Hamming.hamming(Hamming.kt:21)
	at Hamming.hamming(Hamming.kt:21)
	at Hamming.hamming(Hamming.kt:21)
	at Hamming.hamming(Hamming.kt:21)
	at Hamming.hamming(Hamming.kt:21)
	at Hamming.hamming(Hamming.kt:21)
	at Hamming.hamming(Hamming.kt:21)
	at Hamming.hamming(Hamming.kt:21)
	at Hamming.hamming(Hamming.kt:21)
	at Hamming.hamming(Hamming.kt:21)
	at Hamming.hamming(Hamming.kt:21)
	at Hamming.hamming(Hamming.kt:21)
	at Hamming.hamming(Hamming.kt:21)
	at Hamming.hamming(Hamming.kt:21)
	at Hamming.hamming(Hamming.kt:21)
	at Hamming.hamming(Hamming.kt:21)
	at Hamming.hamming(Hamming.kt:21)
	at Hamming.hamming(Hamming.kt:21)
	at Hamming.hamming(Hamming.kt:21)
	at Hamming.hamming(Hamming.kt:21)
	at Hamming.hamming(Hamming.kt:21)
	at Hamming.hamming(Hamming.kt:21)
	at Hamming.hamming(Hamming.kt:21)
	at Hamming.hamming(Hamming.kt:21)
	at Hamming.hamming(Hamming.kt:21)
	at Hamming.hamming(Hamming.kt:21)
	at Hamming.hamming(Hamming.kt:21)
	at Hamming.hamming(Hamming.kt:21)
	at Hamming.hamming(Hamming.kt:21)
	at Hamming.hamming(Hamming.kt:21)
	at Hamming.hamming(Hamming.kt:21)
	at Hamming.hamming(Hamming.kt:21)
	at Hamming.hamming(Hamming.kt:21)
	at Hamming.hamming(Hamming.kt:21)
	at Hamming.hamming(Hamming.kt:21)
	at Hamming.hamming(Hamming.kt:21)
	at Hamming.hamming(Hamming.kt:21)
	at Hamming.hamming(Hamming.kt:21)
	at Hamming.hamming(Hamming.kt:21)
	at Hamming.hamming(Hamming.kt:21)
	at Hamming.hamming(Hamming.kt:21)
	at Hamming.hamming(Hamming.kt:21)
	at Hamming.hamming(Hamming.kt:21)
	at Hamming.hamming(Hamming.kt:21)
	at Hamming.hamming(Hamming.kt:21)
	at Hamming.hamming(Hamming.kt:21)
	at Hamming.hamming(Hamming.kt:21)
	at Hamming.hamming(Hamming.kt:21)
	at Hamming.hamming(Hamming.kt:21)
	at Hamming.hamming(Hamming.kt:21)
	at Hamming.hamming(Hamming.kt:21)
	at Hamming.hamming(Hamming.kt:21)
	at Hamming.hamming(Hamming.kt:21)
	at Hamming.hamming(Hamming.kt:21)
	at Hamming.hamming(Hamming.kt:21)
	at Hamming.hamming(Hamming.kt:21)
	at Hamming.hamming(Hamming.kt:21)
	at Hamming.hamming(Hamming.kt:21)
	at Hamming.hamming(Hamming.kt:21)
	at Hamming.hamming(Hamming.kt:21)
	at Hamming.hamming(Hamming.kt:21)
	at Hamming.hamming(Hamming.kt:21)
	at Hamming.hamming(Hamming.kt:21)
	at Hamming.hamming(Hamming.kt:21)
	at Hamming.hamming(Hamming.kt:21)
	at Hamming.hamming(Hamming.kt:21)
	at Hamming.hamming(Hamming.kt:21)
	at Hamming.hamming(Hamming.kt:21)
	at Hamming.hamming(Hamming.kt:21)
	at Hamming.hamming(Hamming.kt:21)
	at Hamming.hamming(Hamming.kt:21)
	at Hamming.hamming(Hamming.kt:21)
	at Hamming.hamming(Hamming.kt:21)
	at Hamming.hamming(Hamming.kt:21)
	at Hamming.hamming(Hamming.kt:21)
	at Hamming.hamming(Hamming.kt:21)
	at Hamming.hamming(Hamming.kt:21)
	at Hamming.hamming(Hamming.kt:21)
	at Hamming.hamming(Hamming.kt:21)
	at Hamming.hamming(Hamming.kt:21)
	at Hamming.hamming(Hamming.kt:21)
	at Hamming.hamming(Hamming.kt:21)
	at Hamming.hamming(Hamming.kt:21)
	at Hamming.hamming(Hamming.kt:21)
	at Hamming.hamming(Hamming.kt:21)
	at Hamming.hamming(Hamming.kt:21)
	at Hamming.hamming(Hamming.kt:21)
	at Hamming.hamming(Hamming.kt:21)
	at Hamming.hamming(Hamming.kt:21)
	at Hamming.hamming(Hamming.kt:21)
	at Hamming.hamming(Hamming.kt:21)
	at Hamming.hamming(Hamming.kt:21)
	at Hamming.hamming(Hamming.kt:21)
	at Hamming.hamming(Hamming.kt:21)
	at Hamming.hamming(Hamming.kt:21)
	at Hamming.hamming(Hamming.kt:21)
	at Hamming.hamming(Hamming.kt:21)
	at Hamming.hamming(Hamming.kt:21)
	at Hamming.hamming(Hamming.kt:21)
	at Hamming.hamming(Hamming.kt:21)
	at Hamming.hamming(Hamming.kt:21)
	at Hamming.hamming(Hamming.kt:21)
	at Hamming.hamming(Hamming.kt:21)
	at Hamming.hamming(Hamming.kt:21)
	at Hamming.hamming(Hamming.kt:21)
	at Hamming.hamming(Hamming.kt:21)
	at Hamming.hamming(Hamming.kt:21)
	at Hamming.hamming(Hamming.kt:21)
	at Hamming.hamming(Hamming.kt:21)
	at Hamming.hamming(Hamming.kt:21)
	at Hamming.hamming(Hamming.kt:21)
	at Hamming.hamming(Hamming.kt:21)
	at Hamming.hamming(Hamming.kt:21)
	at Hamming.hamming(Hamming.kt:21)
	at Hamming.hamming(Hamming.kt:21)
	at Hamming.hamming(Hamming.kt:21)
	at Hamming.hamming(Hamming.kt:21)
	at Hamming.hamming(Hamming.kt:21)
	at Hamming.hamming(Hamming.kt:21)
	at Hamming.hamming(Hamming.kt:21)
	at Hamming.hamming(Hamming.kt:21)
	at Hamming.hamming(Hamming.kt:21)
	at Hamming.hamming(Hamming.kt:21)
	at Hamming.hamming(Hamming.kt:21)
	at Hamming.hamming(Hamming.kt:21)
	at Hamming.hamming(Hamming.kt:21)
	at Hamming.hamming(Hamming.kt:21)
	at Hamming.hamming(Hamming.kt:21)
	at Hamming.hamming(Hamming.kt:21)
	at Hamming.hamming(Hamming.kt:21)
	at Hamming.hamming(Hamming.kt:21)
	at Hamming.hamming(Hamming.kt:21)
	at Hamming.hamming(Hamming.kt:21)
	at Hamming.hamming(Hamming.kt:21)
	at Hamming.hamming(Hamming.kt:21)
	at Hamming.hamming(Hamming.kt:21)
	at Hamming.hamming(Hamming.kt:21)
	at Hamming.hamming(Hamming.kt:21)
	at Hamming.hamming(Hamming.kt:21)
	at Hamming.hamming(Hamming.kt:21)
	at Hamming.hamming(Hamming.kt:21)
	at Hamming.hamming(Hamming.kt:21)
	at Hamming.hamming(Hamming.kt:21)
	at Hamming.hamming(Hamming.kt:21)
	at Hamming.hamming(Hamming.kt:21)
	at Hamming.hamming(Hamming.kt:21)
	at Hamming.hamming(Hamming.kt:21)
	at Hamming.hamming(Hamming.kt:21)
	at Hamming.hamming(Hamming.kt:21)
	at Hamming.hamming(Hamming.kt:21)
	at Hamming.hamming(Hamming.kt:21)
	at Hamming.hamming(Hamming.kt:21)
	at Hamming.hamming(Hamming.kt:21)
	at Hamming.hamming(Hamming.kt:21)
	at Hamming.hamming(Hamming.kt:21)
	at Hamming.hamming(Hamming.kt:21)
	at Hamming.hamming(Hamming.kt:21)
	at Hamming.hamming(Hamming.kt:21)
	at Hamming.hamming(Hamming.kt:21)
	at Hamming.hamming(Hamming.kt:21)
	at Hamming.hamming(Hamming.kt:21)
	at Hamming.hamming(Hamming.kt:21)
	at Hamming.hamming(Hamming.kt:21)
	at Hamming.hamming(Hamming.kt:21)
	at Hamming.hamming(Hamming.kt:21)
	at Hamming.hamming(Hamming.kt:21)
	at Hamming.hamming(Hamming.kt:21)
	at Hamming.hamming(Hamming.kt:21)
	at Hamming.hamming(Hamming.kt:21)
	at Hamming.hamming(Hamming.kt:21)
	at Hamming.hamming(Hamming.kt:21)
	at Hamming.hamming(Hamming.kt:21)
	at Hamming.hamming(Hamming.kt:21)
	at Hamming.hamming(Hamming.kt:21)
	at Hamming.hamming(Hamming.kt:21)
	at Hamming.hamming(Hamming.kt:21)
	at Hamming.hamming(Hamming.kt:21)
	at Hamming.hamming(Hamming.kt:21)
	at Hamming.hamming(Hamming.kt:21)
	at Hamming.hamming(Hamming.kt:21)
	at Hamming.hamming(Hamming.kt:21)
	at Hamming.hamming(Hamming.kt:21)
	at Hamming.hamming(Hamming.kt:21)
	at Hamming.hamming(Hamming.kt:21)
	at Hamming.hamming(Hamming.kt:21)
	at Hamming.hamming(Hamming.kt:21)
	at Hamming.hamming(Hamming.kt:21)
	at Hamming.hamming(Hamming.kt:21)
	at Hamming.hamming(Hamming.kt:21)
	at Hamming.hamming(Hamming.kt:21)
	at Hamming.hamming(Hamming.kt:21)
	at Hamming.hamming(Hamming.kt:21)
	at Hamming.hamming(Hamming.kt:21)
	at Hamming.hamming(Hamming.kt:21)
	at Hamming.hamming(Hamming.kt:21)
	at Hamming.hamming(Hamming.kt:21)
	at Hamming.hamming(Hamming.kt:21)
	at Hamming.hamming(Hamming.kt:21)
	at Hamming.hamming(Hamming.kt:21)
	at Hamming.hamming(Hamming.kt:21)
	at Hamming.hamming(Hamming.kt:21)
	at Hamming.hamming(Hamming.kt:21)
	at Hamming.hamming(Hamming.kt:21)
	at Hamming.hamming(Hamming.kt:21)
	at Hamming.hamming(Hamming.kt:21)
	at Hamming.hamming(Hamming.kt:21)
	at Hamming.hamming(Hamming.kt:21)
	at Hamming.hamming(Hamming.kt:21)
	at Hamming.hamming(Hamming.kt:21)
	at Hamming.hamming(Hamming.kt:21)
	at Hamming.hamming(Hamming.kt:21)
	at Hamming.hamming(Hamming.kt:21)
	at Hamming.hamming(Hamming.kt:21)
	at Hamming.hamming(Hamming.kt:21)
	at Hamming.hamming(Hamming.kt:21)
	at Hamming.hamming(Hamming.kt:21)
	at Hamming.hamming(Hamming.kt:21)
	at Hamming.hamming(Hamming.kt:21)
	at Hamming.hamming(Hamming.kt:21)
	at Hamming.hamming(Hamming.kt:21)
	at Hamming.hamming(Hamming.kt:21)
	at Hamming.hamming(Hamming.kt:21)
	at Hamming.hamming(Hamming.kt:21)
	at Hamming.hamming(Hamming.kt:21)
	at Hamming.hamming(Hamming.kt:21)
	at Hamming.hamming(Hamming.kt:21)
	at Hamming.hamming(Hamming.kt:21)
	at Hamming.hamming(Hamming.kt:21)
	at Hamming.hamming(Hamming.kt:21)
	at Hamming.hamming(Hamming.kt:21)
	at Hamming.hamming(Hamming.kt:21)
	at Hamming.hamming(Hamming.kt:21)
	at Hamming.hamming(Hamming.kt:21)
	at Hamming.hamming(Hamming.kt:21)
	at Hamming.hamming(Hamming.kt:21)
	at Hamming.hamming(Hamming.kt:21)
	at Hamming.hamming(Hamming.kt:21)
	at Hamming.hamming(Hamming.kt:21)
	at Hamming.hamming(Hamming.kt:21)
	at Hamming.hamming(Hamming.kt:21)
	at Hamming.hamming(Hamming.kt:21)
	at Hamming.hamming(Hamming.kt:21)
	at Hamming.hamming(Hamming.kt:21)
	at Hamming.hamming(Hamming.kt:21)
	at Hamming.hamming(Hamming.kt:21)
	at Hamming.hamming(Hamming.kt:21)
	at Hamming.hamming(Hamming.kt:21)
	at Hamming.hamming(Hamming.kt:21)
	at Hamming.hamming(Hamming.kt:21)
	at Hamming.hamming(Hamming.kt:21)
	at Hamming.hamming(Hamming.kt:21)
	at Hamming.hamming(Hamming.kt:21)
	at Hamming.hamming(Hamming.kt:21)
	at Hamming.hamming(Hamming.kt:21)
	at Hamming.hamming(Hamming.kt:21)
	at Hamming.hamming(Hamming.kt:21)
	at Hamming.hamming(Hamming.kt:21)
	at Hamming.hamming(Hamming.kt:21)
	at Hamming.hamming(Hamming.kt:21)
	at Hamming.hamming(Hamming.kt:21)
	at Hamming.hamming(Hamming.kt:21)
	at Hamming.hamming(Hamming.kt:21)
	at Hamming.hamming(Hamming.kt:21)
	at Hamming.hamming(Hamming.kt:21)
	at Hamming.hamming(Hamming.kt:21)
	at Hamming.hamming(Hamming.kt:21)
	at Hamming.hamming(Hamming.kt:21)
	at Hamming.hamming(Hamming.kt:21)
	at Hamming.hamming(Hamming.kt:21)
	at Hamming.hamming(Hamming.kt:21)
	at Hamming.hamming(Hamming.kt:21)
	at Hamming.hamming(Hamming.kt:21)
	at Hamming.hamming(Hamming.kt:21)
	at Hamming.hamming(Hamming.kt:21)
	at Hamming.hamming(Hamming.kt:21)
	at Hamming.hamming(Hamming.kt:21)
	at Hamming.hamming(Hamming.kt:21)
	at Hamming.hamming(Hamming.kt:21)
	at Hamming.hamming(Hamming.kt:21)
	at Hamming.hamming(Hamming.kt:21)
	at Hamming.hamming(Hamming.kt:21)
	at Hamming.hamming(Hamming.kt:21)
	at Hamming.hamming(Hamming.kt:21)
	at Hamming.hamming(Hamming.kt:21)
	at Hamming.hamming(Hamming.kt:21)
	at Hamming.hamming(Hamming.kt:21)
	at Hamming.hamming(Hamming.kt:21)
	at Hamming.hamming(Hamming.kt:21)
	at Hamming.hamming(Hamming.kt:21)
	at Hamming.hamming(Hamming.kt:21)
	at Hamming.hamming(Hamming.kt:21)
	at Hamming.hamming(Hamming.kt:21)
	at Hamming.hamming(Hamming.kt:21)
	at Hamming.hamming(Hamming.kt:21)
	at Hamming.hamming(Hamming.kt:21)
	at Hamming.hamming(Hamming.kt:21)
	at Hamming.hamming(Hamming.kt:21)
	at Hamming.hamming(Hamming.kt:21)
	at Hamming.hamming(Hamming.kt:21)
	at Hamming.hamming(Hamming.kt:21)
	at Hamming.hamming(Hamming.kt:21)
	at Hamming.hamming(Hamming.kt:21)
	at Hamming.hamming(Hamming.kt:21)
	at Hamming.hamming(Hamming.kt:21)
	at Hamming.hamming(Hamming.kt:21)
	at Hamming.hamming(Hamming.kt:21)
	at Hamming.hamming(Hamming.kt:21)
	at Hamming.hamming(Hamming.kt:21)
	at Hamming.hamming(Hamming.kt:21)
	at Hamming.hamming(Hamming.kt:21)
	at Hamming.hamming(Hamming.kt:21)
	at Hamming.hamming(Hamming.kt:21)
	at Hamming.hamming(Hamming.kt:21)
	at Hamming.hamming(Hamming.kt:21)
	at Hamming.hamming(Hamming.kt:21)
	at Hamming.hamming(Hamming.kt:21)
	at Hamming.hamming(Hamming.kt:21)
	at Hamming.hamming(Hamming.kt:21)
	at Hamming.hamming(Hamming.kt:21)
	at Hamming.hamming(Hamming.kt:21)
	at Hamming.hamming(Hamming.kt:21)
	at Hamming.hamming(Hamming.kt:21)
	at Hamming.hamming(Hamming.kt:21)
	at Hamming.hamming(Hamming.kt:21)
	at Hamming.hamming(Hamming.kt:21)
	at Hamming.hamming(Hamming.kt:21)
	at Hamming.hamming(Hamming.kt:21)
	at Hamming.hamming(Hamming.kt:21)
	at Hamming.hamming(Hamming.kt:21)
	at Hamming.hamming(Hamming.kt:21)
	at Hamming.hamming(Hamming.kt:21)
	at Hamming.hamming(Hamming.kt:21)
	at Hamming.hamming(Hamming.kt:21)
	at Hamming.hamming(Hamming.kt:21)
	at Hamming.hamming(Hamming.kt:21)
	at Hamming.hamming(Hamming.kt:21)
	at Hamming.hamming(Hamming.kt:21)
	at Hamming.hamming(Hamming.kt:21)
	at Hamming.hamming(Hamming.kt:21)
	at Hamming.hamming(Hamming.kt:21)
	at Hamming.hamming(Hamming.kt:21)
	at Hamming.hamming(Hamming.kt:21)
	at Hamming.hamming(Hamming.kt:21)
	at Hamming.hamming(Hamming.kt:21)
	at Hamming.hamming(Hamming.kt:21)
	at Hamming.hamming(Hamming.kt:21)
	at Hamming.hamming(Hamming.kt:21)
	at Hamming.hamming(Hamming.kt:21)
	at Hamming.hamming(Hamming.kt:21)
	at Hamming.hamming(Hamming.kt:21)
	at Hamming.hamming(Hamming.kt:21)
	at Hamming.hamming(Hamming.kt:21)
	at Hamming.hamming(Hamming.kt:21)
	at Hamming.hamming(Hamming.kt:21)
	at Hamming.hamming(Hamming.kt:21)
	at Hamming.hamming(Hamming.kt:21)
	at Hamming.hamming(Hamming.kt:21)
	at Hamming.hamming(Hamming.kt:21)
	at Hamming.hamming(Hamming.kt:21)
	at Hamming.hamming(Hamming.kt:21)
	at Hamming.hamming(Hamming.kt:21)
	at Hamming.hamming(Hamming.kt:21)
	at Hamming.hamming(Hamming.kt:21)
	at Hamming.hamming(Hamming.kt:21)
	at Hamming.hamming(Hamming.kt:21)
	at Hamming.hamming(Hamming.kt:21)
	at Hamming.hamming(Hamming.kt:21)
	at Hamming.hamming(Hamming.kt:21)
	at Hamming.hamming(Hamming.kt:21)
	at Hamming.hamming(Hamming.kt:21)
	at Hamming.hamming(Hamming.kt:21)
	at Hamming.hamming(Hamming.kt:21)
	at Hamming.hamming(Hamming.kt:21)
	at Hamming.hamming(Hamming.kt:21)
	at Hamming.hamming(Hamming.kt:21)
	at Hamming.hamming(Hamming.kt:21)
	at Hamming.hamming(Hamming.kt:21)
	at Hamming.hamming(Hamming.kt:21)
	at Hamming.hamming(Hamming.kt:21)
	at Hamming.hamming(Hamming.kt:21)
	at Hamming.hamming(Hamming.kt:21)
	at Hamming.hamming(Hamming.kt:21)
	at Hamming.hamming(Hamming.kt:21)
	at Hamming.hamming(Hamming.kt:21)
	at Hamming.hamming(Hamming.kt:21)
	at Hamming.hamming(Hamming.kt:21)
	at Hamming.hamming(Hamming.kt:21)
	at Hamming.hamming(Hamming.kt:21)
	at Hamming.hamming(Hamming.kt:21)
	at Hamming.hamming(Hamming.kt:21)
	at Hamming.hamming(Hamming.kt:21)
	at Hamming.hamming(Hamming.kt:21)
	at Hamming.hamming(Hamming.kt:21)
	at Hamming.hamming(Hamming.kt:21)
	at Hamming.hamming(Hamming.kt:21)
	at Hamming.hamming(Hamming.kt:21)
	at Hamming.hamming(Hamming.kt:21)
	at Hamming.hamming(Hamming.kt:21)
	at Hamming.hamming(Hamming.kt:21)
	at Hamming.hamming(Hamming.kt:21)
	at Hamming.hamming(Hamming.kt:21)
	at Hamming.hamming(Hamming.kt:21)
	at Hamming.hamming(Hamming.kt:21)
	at Hamming.hamming(Hamming.kt:21)
	at Hamming.hamming(Hamming.kt:21)
	at Hamming.hamming(Hamming.kt:21)
	at Hamming.hamming(Hamming.kt:21)
	at Hamming.hamming(Hamming.kt:21)
	at Hamming.hamming(Hamming.kt:21)
	at Hamming.hamming(Hamming.kt:21)
	at Hamming.hamming(Hamming.kt:21)
	at Hamming.hamming(Hamming.kt:21)
	at Hamming.hamming(Hamming.kt:21)
	at Hamming.hamming(Hamming.kt:21)
	at Hamming.hamming(Hamming.kt:21)
	at Hamming.hamming(Hamming.kt:21)
	at Hamming.hamming(Hamming.kt:21)
	at Hamming.hamming(Hamming.kt:21)
	at Hamming.hamming(Hamming.kt:21)
	at Hamming.hamming(Hamming.kt:21)
	at Hamming.hamming(Hamming.kt:21)
	at Hamming.hamming(Hamming.kt:21)
	at Hamming.hamming(Hamming.kt:21)
	at Hamming.hamming(Hamming.kt:21)
	at Hamming.hamming(Hamming.kt:21)
	at Hamming.hamming(Hamming.kt:21)
	at Hamming.hamming(Hamming.kt:21)
	at Hamming.hamming(Hamming.kt:21)
	at Hamming.hamming(Hamming.kt:21)
	at Hamming.hamming(Hamming.kt:21)
	at Hamming.hamming(Hamming.kt:21)
	at Hamming.hamming(Hamming.kt:21)
	at Hamming.hamming(Hamming.kt:21)
	at Hamming.hamming(Hamming.kt:21)
	at Hamming.hamming(Hamming.kt:21)
	at Hamming.hamming(Hamming.kt:21)
	at Hamming.hamming(Hamming.kt:21)
	at Hamming.hamming(Hamming.kt:21)
	at Hamming.hamming(Hamming.kt:21)
	at Hamming.hamming(Hamming.kt:21)
	at Hamming.hamming(Hamming.kt:21)
	at Hamming.hamming(Hamming.kt:21)
	at Hamming.hamming(Hamming.kt:21)
	at Hamming.hamming(Hamming.kt:21)
	at Hamming.hamming(Hamming.kt:21)
	at Hamming.hamming(Hamming.kt:21)
	at Hamming.hamming(Hamming.kt:21)
	at Hamming.hamming(Hamming.kt:21)
	at Hamming.hamming(Hamming.kt:21)
	at Hamming.hamming(Hamming.kt:21)
	at Hamming.hamming(Hamming.kt:21)
	at Hamming.hamming(Hamming.kt:21)
	at Hamming.hamming(Hamming.kt:21)
	at Hamming.hamming(Hamming.kt:21)
	at Hamming.hamming(Hamming.kt:21)
	at Hamming.hamming(Hamming.kt:21)
	at Hamming.hamming(Hamming.kt:21)
	at Hamming.hamming(Hamming.kt:21)
	at Hamming.hamming(Hamming.kt:21)
	at Hamming.hamming(Hamming.kt:21)
	at Hamming.hamming(Hamming.kt:21)
	at Hamming.hamming(Hamming.kt:21)
	at Hamming.hamming(Hamming.kt:21)
	at Hamming.hamming(Hamming.kt:21)
	at Hamming.hamming(Hamming.kt:21)
	at Hamming.hamming(Hamming.kt:21)
	at Hamming.hamming(Hamming.kt:21)
	at Hamming.hamming(Hamming.kt:21)
	at Hamming.hamming(Hamming.kt:21)
	at Hamming.hamming(Hamming.kt:21)
	at Hamming.hamming(Hamming.kt:21)
	at Hamming.hamming(Hamming.kt:21)
	at Hamming.hamming(Hamming.kt:21)
	at Hamming.hamming(Hamming.kt:21)
	at Hamming.hamming(Hamming.kt:21)
	at Hamming.hamming(Hamming.kt:21)
	at Hamming.hamming(Hamming.kt:21)
	at Hamming.hamming(Hamming.kt:21)
	at Hamming.hamming(Hamming.kt:21)
	at Hamming.hamming(Hamming.kt:21)
	at Hamming.hamming(Hamming.kt:21)
	at Hamming.hamming(Hamming.kt:21)
	at Hamming.hamming(Hamming.kt:21)
	at Hamming.hamming(Hamming.kt:21)
	at Hamming.hamming(Hamming.kt:21)
	at Hamming.hamming(Hamming.kt:21)
	at Hamming.hamming(Hamming.kt:21)
	at Hamming.hamming(Hamming.kt:21)
	at Hamming.hamming(Hamming.kt:21)
	at Hamming.hamming(Hamming.kt:21)
	at Hamming.hamming(Hamming.kt:21)
	at Hamming.hamming(Hamming.kt:21)
	at Hamming.hamming(Hamming.kt:21)
	at Hamming.hamming(Hamming.kt:21)
	at Hamming.hamming(Hamming.kt:21)
	at Hamming.hamming(Hamming.kt:21)
	at Hamming.hamming(Hamming.kt:21)
	at Hamming.hamming(Hamming.kt:21)
	at Hamming.hamming(Hamming.kt:21)
	at Hamming.hamming(Hamming.kt:21)
	at Hamming.hamming(Hamming.kt:21)
	at Hamming.hamming(Hamming.kt:21)
	at Hamming.hamming(Hamming.kt:21)
	at Hamming.hamming(Hamming.kt:21)
	at Hamming.hamming(Hamming.kt:21)
	at Hamming.hamming(Hamming.kt:21)
	at Hamming.hamming(Hamming.kt:21)
	at Hamming.hamming(Hamming.kt:21)
	at Hamming.hamming(Hamming.kt:21)
	at Hamming.hamming(Hamming.kt:21)
	at Hamming.hamming(Hamming.kt:21)
	at Hamming.hamming(Hamming.kt:21)
	at Hamming.hamming(Hamming.kt:21)
	at Hamming.hamming(Hamming.kt:21)
	at Hamming.hamming(Hamming.kt:21)
	at Hamming.hamming(Hamming.kt:21)
	at Hamming.hamming(Hamming.kt:21)
	at Hamming.hamming(Hamming.kt:21)
	at Hamming.hamming(Hamming.kt:21)
	at Hamming.hamming(Hamming.kt:21)
	at Hamming.hamming(Hamming.kt:21)
	at Hamming.hamming(Hamming.kt:21)
	at Hamming.hamming(Hamming.kt:21)
	at Hamming.hamming(Hamming.kt:21)
	at Hamming.hamming(Hamming.kt:21)
	at Hamming.hamming(Hamming.kt:21)
	at Hamming.hamming(Hamming.kt:21)
	at Hamming.hamming(Hamming.kt:21)
	at Hamming.hamming(Hamming.kt:21)
	at Hamming.hamming(Hamming.kt:21)
	at Hamming.hamming(Hamming.kt:21)
	at Hamming.hamming(Hamming.kt:21)
	at Hamming.hamming(Hamming.kt:21)
	at Hamming.hamming(Hamming.kt:21)
	at Hamming.hamming(Hamming.kt:21)
	at Hamming.hamming(Hamming.kt:21)
	at Hamming.hamming(Hamming.kt:21)
	at Hamming.hamming(Hamming.kt:21)
	at Hamming.hamming(Hamming.kt:21)
	at Hamming.hamming(Hamming.kt:21)
	at Hamming.hamming(Hamming.kt:21)
	at Hamming.hamming(Hamming.kt:21)
	at Hamming.hamming(Hamming.kt:21)
	at Hamming.hamming(Hamming.kt:21)
	at Hamming.hamming(Hamming.kt:21)
	at Hamming.hamming(Hamming.kt:21)
	at Hamming.hamming(Hamming.kt:21)
	at Hamming.hamming(Hamming.kt:21)
	at Hamming.hamming(Hamming.kt:21)
	at Hamming.hamming(Hamming.kt:21)
	at Hamming.hamming(Hamming.kt:21)
	at Hamming.hamming(Hamming.kt:21)
	at Hamming.hamming(Hamming.kt:21)
	at Hamming.hamming(Hamming.kt:21)
	at Hamming.hamming(Hamming.kt:21)
	at Hamming.hamming(Hamming.kt:21)
	at Hamming.hamming(Hamming.kt:21)
	at Hamming.hamming(Hamming.kt:21)
	at Hamming.hamming(Hamming.kt:21)
	at Hamming.hamming(Hamming.kt:21)
	at Hamming.hamming(Hamming.kt:21)
	at Hamming.hamming(Hamming.kt:21)
	at Hamming.hamming(Hamming.kt:21)
	at Hamming.hamming(Hamming.kt:21)
	at Hamming.hamming(Hamming.kt:21)
	at Hamming.hamming(Hamming.kt:21)
	at Hamming.hamming(Hamming.kt:21)
	at Hamming.hamming(Hamming.kt:21)
	at Hamming.hamming(Hamming.kt:21)
	at Hamming.hamming(Hamming.kt:21)
	at Hamming.hamming(Hamming.kt:21)
	at Hamming.hamming(Hamming.kt:21)
	at Hamming.hamming(Hamming.kt:21)
	at Hamming.hamming(Hamming.kt:21)
	at Hamming.hamming(Hamming.kt:21)
	at Hamming.hamming(Hamming.kt:21)
	at Hamming.hamming(Hamming.kt:21)
	at Hamming.hamming(Hamming.kt:21)
	at Hamming.hamming(Hamming.kt:21)
	at Hamming.hamming(Hamming.kt:21)
	at Hamming.hamming(Hamming.kt:21)
	at Hamming.hamming(Hamming.kt:21)
	at Hamming.hamming(Hamming.kt:21)
	at Hamming.hamming(Hamming.kt:21)
	at Hamming.hamming(Hamming.kt:21)
	at Hamming.hamming(Hamming.kt:21)
	at Hamming.hamming(Hamming.kt:21)
	at Hamming.hamming(Hamming.kt:21)
	at Hamming.hamming(Hamming.kt:21)
	at Hamming.hamming(Hamming.kt:21)
	at Hamming.hamming(Hamming.kt:21)
	at Hamming.hamming(Hamming.kt:21)
	at Hamming.hamming(Hamming.kt:21)
	at Hamming.hamming(Hamming.kt:21)
	at Hamming.hamming(Hamming.kt:21)
	at Hamming.hamming(Hamming.kt:21)
</failure>
  </testcase>
  <testcase name="empty strands" classname="HammingTest" time="0.013"/>
  <testcase name="long different strands" classname="HammingTest" time="0.0">
    <skipped/>
  </testcase>
  <testcase name="disallow first strand longer" classname="HammingTest" time="0.0">
    <skipped/>
  </testcase>
  <testcase name="long identical strands" classname="HammingTest" time="0.0">
    <skipped/>
  </testcase>
  <testcase name="disallow second strand longer" classname="HammingTest" time="0.0">
    <skipped/>
  </testcase>
  <testcase name="single letter different strands" classname="HammingTest" time="0.016">
    <failure message="java.lang.StackOverflowError" type="java.lang.StackOverflowError">java.lang.StackOverflowError
	at kotlin.text.StringsKt__StringsKt.access$findAnyOf(Strings.kt:1)
	at kotlin.text.StringsKt__StringsKt$rangesDelimitedBy$4.invoke(Strings.kt:1167)
	at kotlin.text.StringsKt__StringsKt$rangesDelimitedBy$4.invoke(Strings.kt)
	at kotlin.text.DelimitedRangesSequence$iterator$1.calcNext(Strings.kt:1095)
	at kotlin.text.DelimitedRangesSequence$iterator$1.hasNext(Strings.kt:1124)
	at kotlin.text.StringsKt__StringsKt.split(Strings.kt:1430)
	at kotlin.text.StringsKt__StringsKt.split$default(Strings.kt:1199)
	at Hamming.hamming(Hamming.kt:16)
	at Hamming.hamming(Hamming.kt:21)
	at Hamming.hamming(Hamming.kt:21)
	at Hamming.hamming(Hamming.kt:21)
	at Hamming.hamming(Hamming.kt:21)
	at Hamming.hamming(Hamming.kt:21)
	at Hamming.hamming(Hamming.kt:21)
	at Hamming.hamming(Hamming.kt:21)
	at Hamming.hamming(Hamming.kt:21)
	at Hamming.hamming(Hamming.kt:21)
	at Hamming.hamming(Hamming.kt:21)
	at Hamming.hamming(Hamming.kt:21)
	at Hamming.hamming(Hamming.kt:21)
	at Hamming.hamming(Hamming.kt:21)
	at Hamming.hamming(Hamming.kt:21)
	at Hamming.hamming(Hamming.kt:21)
	at Hamming.hamming(Hamming.kt:21)
	at Hamming.hamming(Hamming.kt:21)
	at Hamming.hamming(Hamming.kt:21)
	at Hamming.hamming(Hamming.kt:21)
	at Hamming.hamming(Hamming.kt:21)
	at Hamming.hamming(Hamming.kt:21)
	at Hamming.hamming(Hamming.kt:21)
	at Hamming.hamming(Hamming.kt:21)
	at Hamming.hamming(Hamming.kt:21)
	at Hamming.hamming(Hamming.kt:21)
	at Hamming.hamming(Hamming.kt:21)
	at Hamming.hamming(Hamming.kt:21)
	at Hamming.hamming(Hamming.kt:21)
	at Hamming.hamming(Hamming.kt:21)
	at Hamming.hamming(Hamming.kt:21)
	at Hamming.hamming(Hamming.kt:21)
	at Hamming.hamming(Hamming.kt:21)
	at Hamming.hamming(Hamming.kt:21)
	at Hamming.hamming(Hamming.kt:21)
	at Hamming.hamming(Hamming.kt:21)
	at Hamming.hamming(Hamming.kt:21)
	at Hamming.hamming(Hamming.kt:21)
	at Hamming.hamming(Hamming.kt:21)
	at Hamming.hamming(Hamming.kt:21)
	at Hamming.hamming(Hamming.kt:21)
	at Hamming.hamming(Hamming.kt:21)
	at Hamming.hamming(Hamming.kt:21)
	at Hamming.hamming(Hamming.kt:21)
	at Hamming.hamming(Hamming.kt:21)
	at Hamming.hamming(Hamming.kt:21)
	at Hamming.hamming(Hamming.kt:21)
	at Hamming.hamming(Hamming.kt:21)
	at Hamming.hamming(Hamming.kt:21)
	at Hamming.hamming(Hamming.kt:21)
	at Hamming.hamming(Hamming.kt:21)
	at Hamming.hamming(Hamming.kt:21)
	at Hamming.hamming(Hamming.kt:21)
	at Hamming.hamming(Hamming.kt:21)
	at Hamming.hamming(Hamming.kt:21)
	at Hamming.hamming(Hamming.kt:21)
	at Hamming.hamming(Hamming.kt:21)
	at Hamming.hamming(Hamming.kt:21)
	at Hamming.hamming(Hamming.kt:21)
	at Hamming.hamming(Hamming.kt:21)
	at Hamming.hamming(Hamming.kt:21)
	at Hamming.hamming(Hamming.kt:21)
	at Hamming.hamming(Hamming.kt:21)
	at Hamming.hamming(Hamming.kt:21)
	at Hamming.hamming(Hamming.kt:21)
	at Hamming.hamming(Hamming.kt:21)
	at Hamming.hamming(Hamming.kt:21)
	at Hamming.hamming(Hamming.kt:21)
	at Hamming.hamming(Hamming.kt:21)
	at Hamming.hamming(Hamming.kt:21)
	at Hamming.hamming(Hamming.kt:21)
	at Hamming.hamming(Hamming.kt:21)
	at Hamming.hamming(Hamming.kt:21)
	at Hamming.hamming(Hamming.kt:21)
	at Hamming.hamming(Hamming.kt:21)
	at Hamming.hamming(Hamming.kt:21)
	at Hamming.hamming(Hamming.kt:21)
	at Hamming.hamming(Hamming.kt:21)
	at Hamming.hamming(Hamming.kt:21)
	at Hamming.hamming(Hamming.kt:21)
	at Hamming.hamming(Hamming.kt:21)
	at Hamming.hamming(Hamming.kt:21)
	at Hamming.hamming(Hamming.kt:21)
	at Hamming.hamming(Hamming.kt:21)
	at Hamming.hamming(Hamming.kt:21)
	at Hamming.hamming(Hamming.kt:21)
	at Hamming.hamming(Hamming.kt:21)
	at Hamming.hamming(Hamming.kt:21)
	at Hamming.hamming(Hamming.kt:21)
	at Hamming.hamming(Hamming.kt:21)
	at Hamming.hamming(Hamming.kt:21)
	at Hamming.hamming(Hamming.kt:21)
	at Hamming.hamming(Hamming.kt:21)
	at Hamming.hamming(Hamming.kt:21)
	at Hamming.hamming(Hamming.kt:21)
	at Hamming.hamming(Hamming.kt:21)
	at Hamming.hamming(Hamming.kt:21)
	at Hamming.hamming(Hamming.kt:21)
	at Hamming.hamming(Hamming.kt:21)
	at Hamming.hamming(Hamming.kt:21)
	at Hamming.hamming(Hamming.kt:21)
	at Hamming.hamming(Hamming.kt:21)
	at Hamming.hamming(Hamming.kt:21)
	at Hamming.hamming(Hamming.kt:21)
	at Hamming.hamming(Hamming.kt:21)
	at Hamming.hamming(Hamming.kt:21)
	at Hamming.hamming(Hamming.kt:21)
	at Hamming.hamming(Hamming.kt:21)
	at Hamming.hamming(Hamming.kt:21)
	at Hamming.hamming(Hamming.kt:21)
	at Hamming.hamming(Hamming.kt:21)
	at Hamming.hamming(Hamming.kt:21)
	at Hamming.hamming(Hamming.kt:21)
	at Hamming.hamming(Hamming.kt:21)
	at Hamming.hamming(Hamming.kt:21)
	at Hamming.hamming(Hamming.kt:21)
	at Hamming.hamming(Hamming.kt:21)
	at Hamming.hamming(Hamming.kt:21)
	at Hamming.hamming(Hamming.kt:21)
	at Hamming.hamming(Hamming.kt:21)
	at Hamming.hamming(Hamming.kt:21)
	at Hamming.hamming(Hamming.kt:21)
	at Hamming.hamming(Hamming.kt:21)
	at Hamming.hamming(Hamming.kt:21)
	at Hamming.hamming(Hamming.kt:21)
	at Hamming.hamming(Hamming.kt:21)
	at Hamming.hamming(Hamming.kt:21)
	at Hamming.hamming(Hamming.kt:21)
	at Hamming.hamming(Hamming.kt:21)
	at Hamming.hamming(Hamming.kt:21)
	at Hamming.hamming(Hamming.kt:21)
	at Hamming.hamming(Hamming.kt:21)
	at Hamming.hamming(Hamming.kt:21)
	at Hamming.hamming(Hamming.kt:21)
	at Hamming.hamming(Hamming.kt:21)
	at Hamming.hamming(Hamming.kt:21)
	at Hamming.hamming(Hamming.kt:21)
	at Hamming.hamming(Hamming.kt:21)
	at Hamming.hamming(Hamming.kt:21)
	at Hamming.hamming(Hamming.kt:21)
	at Hamming.hamming(Hamming.kt:21)
	at Hamming.hamming(Hamming.kt:21)
	at Hamming.hamming(Hamming.kt:21)
	at Hamming.hamming(Hamming.kt:21)
	at Hamming.hamming(Hamming.kt:21)
	at Hamming.hamming(Hamming.kt:21)
	at Hamming.hamming(Hamming.kt:21)
	at Hamming.hamming(Hamming.kt:21)
	at Hamming.hamming(Hamming.kt:21)
	at Hamming.hamming(Hamming.kt:21)
	at Hamming.hamming(Hamming.kt:21)
	at Hamming.hamming(Hamming.kt:21)
	at Hamming.hamming(Hamming.kt:21)
	at Hamming.hamming(Hamming.kt:21)
	at Hamming.hamming(Hamming.kt:21)
	at Hamming.hamming(Hamming.kt:21)
	at Hamming.hamming(Hamming.kt:21)
	at Hamming.hamming(Hamming.kt:21)
	at Hamming.hamming(Hamming.kt:21)
	at Hamming.hamming(Hamming.kt:21)
	at Hamming.hamming(Hamming.kt:21)
	at Hamming.hamming(Hamming.kt:21)
	at Hamming.hamming(Hamming.kt:21)
	at Hamming.hamming(Hamming.kt:21)
	at Hamming.hamming(Hamming.kt:21)
	at Hamming.hamming(Hamming.kt:21)
	at Hamming.hamming(Hamming.kt:21)
	at Hamming.hamming(Hamming.kt:21)
	at Hamming.hamming(Hamming.kt:21)
	at Hamming.hamming(Hamming.kt:21)
	at Hamming.hamming(Hamming.kt:21)
	at Hamming.hamming(Hamming.kt:21)
	at Hamming.hamming(Hamming.kt:21)
	at Hamming.hamming(Hamming.kt:21)
	at Hamming.hamming(Hamming.kt:21)
	at Hamming.hamming(Hamming.kt:21)
	at Hamming.hamming(Hamming.kt:21)
	at Hamming.hamming(Hamming.kt:21)
	at Hamming.hamming(Hamming.kt:21)
	at Hamming.hamming(Hamming.kt:21)
	at Hamming.hamming(Hamming.kt:21)
	at Hamming.hamming(Hamming.kt:21)
	at Hamming.hamming(Hamming.kt:21)
	at Hamming.hamming(Hamming.kt:21)
	at Hamming.hamming(Hamming.kt:21)
	at Hamming.hamming(Hamming.kt:21)
	at Hamming.hamming(Hamming.kt:21)
	at Hamming.hamming(Hamming.kt:21)
	at Hamming.hamming(Hamming.kt:21)
	at Hamming.hamming(Hamming.kt:21)
	at Hamming.hamming(Hamming.kt:21)
	at Hamming.hamming(Hamming.kt:21)
	at Hamming.hamming(Hamming.kt:21)
	at Hamming.hamming(Hamming.kt:21)
	at Hamming.hamming(Hamming.kt:21)
	at Hamming.hamming(Hamming.kt:21)
	at Hamming.hamming(Hamming.kt:21)
	at Hamming.hamming(Hamming.kt:21)
	at Hamming.hamming(Hamming.kt:21)
	at Hamming.hamming(Hamming.kt:21)
	at Hamming.hamming(Hamming.kt:21)
	at Hamming.hamming(Hamming.kt:21)
	at Hamming.hamming(Hamming.kt:21)
	at Hamming.hamming(Hamming.kt:21)
	at Hamming.hamming(Hamming.kt:21)
	at Hamming.hamming(Hamming.kt:21)
	at Hamming.hamming(Hamming.kt:21)
	at Hamming.hamming(Hamming.kt:21)
	at Hamming.hamming(Hamming.kt:21)
	at Hamming.hamming(Hamming.kt:21)
	at Hamming.hamming(Hamming.kt:21)
	at Hamming.hamming(Hamming.kt:21)
	at Hamming.hamming(Hamming.kt:21)
	at Hamming.hamming(Hamming.kt:21)
	at Hamming.hamming(Hamming.kt:21)
	at Hamming.hamming(Hamming.kt:21)
	at Hamming.hamming(Hamming.kt:21)
	at Hamming.hamming(Hamming.kt:21)
	at Hamming.hamming(Hamming.kt:21)
	at Hamming.hamming(Hamming.kt:21)
	at Hamming.hamming(Hamming.kt:21)
	at Hamming.hamming(Hamming.kt:21)
	at Hamming.hamming(Hamming.kt:21)
	at Hamming.hamming(Hamming.kt:21)
	at Hamming.hamming(Hamming.kt:21)
	at Hamming.hamming(Hamming.kt:21)
	at Hamming.hamming(Hamming.kt:21)
	at Hamming.hamming(Hamming.kt:21)
	at Hamming.hamming(Hamming.kt:21)
	at Hamming.hamming(Hamming.kt:21)
	at Hamming.hamming(Hamming.kt:21)
	at Hamming.hamming(Hamming.kt:21)
	at Hamming.hamming(Hamming.kt:21)
	at Hamming.hamming(Hamming.kt:21)
	at Hamming.hamming(Hamming.kt:21)
	at Hamming.hamming(Hamming.kt:21)
	at Hamming.hamming(Hamming.kt:21)
	at Hamming.hamming(Hamming.kt:21)
	at Hamming.hamming(Hamming.kt:21)
	at Hamming.hamming(Hamming.kt:21)
	at Hamming.hamming(Hamming.kt:21)
	at Hamming.hamming(Hamming.kt:21)
	at Hamming.hamming(Hamming.kt:21)
	at Hamming.hamming(Hamming.kt:21)
	at Hamming.hamming(Hamming.kt:21)
	at Hamming.hamming(Hamming.kt:21)
	at Hamming.hamming(Hamming.kt:21)
	at Hamming.hamming(Hamming.kt:21)
	at Hamming.hamming(Hamming.kt:21)
	at Hamming.hamming(Hamming.kt:21)
	at Hamming.hamming(Hamming.kt:21)
	at Hamming.hamming(Hamming.kt:21)
	at Hamming.hamming(Hamming.kt:21)
	at Hamming.hamming(Hamming.kt:21)
	at Hamming.hamming(Hamming.kt:21)
	at Hamming.hamming(Hamming.kt:21)
	at Hamming.hamming(Hamming.kt:21)
	at Hamming.hamming(Hamming.kt:21)
	at Hamming.hamming(Hamming.kt:21)
	at Hamming.hamming(Hamming.kt:21)
	at Hamming.hamming(Hamming.kt:21)
	at Hamming.hamming(Hamming.kt:21)
	at Hamming.hamming(Hamming.kt:21)
	at Hamming.hamming(Hamming.kt:21)
	at Hamming.hamming(Hamming.kt:21)
	at Hamming.hamming(Hamming.kt:21)
	at Hamming.hamming(Hamming.kt:21)
	at Hamming.hamming(Hamming.kt:21)
	at Hamming.hamming(Hamming.kt:21)
	at Hamming.hamming(Hamming.kt:21)
	at Hamming.hamming(Hamming.kt:21)
	at Hamming.hamming(Hamming.kt:21)
	at Hamming.hamming(Hamming.kt:21)
	at Hamming.hamming(Hamming.kt:21)
	at Hamming.hamming(Hamming.kt:21)
	at Hamming.hamming(Hamming.kt:21)
	at Hamming.hamming(Hamming.kt:21)
	at Hamming.hamming(Hamming.kt:21)
	at Hamming.hamming(Hamming.kt:21)
	at Hamming.hamming(Hamming.kt:21)
	at Hamming.hamming(Hamming.kt:21)
	at Hamming.hamming(Hamming.kt:21)
	at Hamming.hamming(Hamming.kt:21)
	at Hamming.hamming(Hamming.kt:21)
	at Hamming.hamming(Hamming.kt:21)
	at Hamming.hamming(Hamming.kt:21)
	at Hamming.hamming(Hamming.kt:21)
	at Hamming.hamming(Hamming.kt:21)
	at Hamming.hamming(Hamming.kt:21)
	at Hamming.hamming(Hamming.kt:21)
	at Hamming.hamming(Hamming.kt:21)
	at Hamming.hamming(Hamming.kt:21)
	at Hamming.hamming(Hamming.kt:21)
	at Hamming.hamming(Hamming.kt:21)
	at Hamming.hamming(Hamming.kt:21)
	at Hamming.hamming(Hamming.kt:21)
	at Hamming.hamming(Hamming.kt:21)
	at Hamming.hamming(Hamming.kt:21)
	at Hamming.hamming(Hamming.kt:21)
	at Hamming.hamming(Hamming.kt:21)
	at Hamming.hamming(Hamming.kt:21)
	at Hamming.hamming(Hamming.kt:21)
	at Hamming.hamming(Hamming.kt:21)
	at Hamming.hamming(Hamming.kt:21)
	at Hamming.hamming(Hamming.kt:21)
	at Hamming.hamming(Hamming.kt:21)
	at Hamming.hamming(Hamming.kt:21)
	at Hamming.hamming(Hamming.kt:21)
	at Hamming.hamming(Hamming.kt:21)
	at Hamming.hamming(Hamming.kt:21)
	at Hamming.hamming(Hamming.kt:21)
	at Hamming.hamming(Hamming.kt:21)
	at Hamming.hamming(Hamming.kt:21)
	at Hamming.hamming(Hamming.kt:21)
	at Hamming.hamming(Hamming.kt:21)
	at Hamming.hamming(Hamming.kt:21)
	at Hamming.hamming(Hamming.kt:21)
	at Hamming.hamming(Hamming.kt:21)
	at Hamming.hamming(Hamming.kt:21)
	at Hamming.hamming(Hamming.kt:21)
	at Hamming.hamming(Hamming.kt:21)
	at Hamming.hamming(Hamming.kt:21)
	at Hamming.hamming(Hamming.kt:21)
	at Hamming.hamming(Hamming.kt:21)
	at Hamming.hamming(Hamming.kt:21)
	at Hamming.hamming(Hamming.kt:21)
	at Hamming.hamming(Hamming.kt:21)
	at Hamming.hamming(Hamming.kt:21)
	at Hamming.hamming(Hamming.kt:21)
	at Hamming.hamming(Hamming.kt:21)
	at Hamming.hamming(Hamming.kt:21)
	at Hamming.hamming(Hamming.kt:21)
	at Hamming.hamming(Hamming.kt:21)
	at Hamming.hamming(Hamming.kt:21)
	at Hamming.hamming(Hamming.kt:21)
	at Hamming.hamming(Hamming.kt:21)
	at Hamming.hamming(Hamming.kt:21)
	at Hamming.hamming(Hamming.kt:21)
	at Hamming.hamming(Hamming.kt:21)
	at Hamming.hamming(Hamming.kt:21)
	at Hamming.hamming(Hamming.kt:21)
	at Hamming.hamming(Hamming.kt:21)
	at Hamming.hamming(Hamming.kt:21)
	at Hamming.hamming(Hamming.kt:21)
	at Hamming.hamming(Hamming.kt:21)
	at Hamming.hamming(Hamming.kt:21)
	at Hamming.hamming(Hamming.kt:21)
	at Hamming.hamming(Hamming.kt:21)
	at Hamming.hamming(Hamming.kt:21)
	at Hamming.hamming(Hamming.kt:21)
	at Hamming.hamming(Hamming.kt:21)
	at Hamming.hamming(Hamming.kt:21)
	at Hamming.hamming(Hamming.kt:21)
	at Hamming.hamming(Hamming.kt:21)
	at Hamming.hamming(Hamming.kt:21)
	at Hamming.hamming(Hamming.kt:21)
	at Hamming.hamming(Hamming.kt:21)
	at Hamming.hamming(Hamming.kt:21)
	at Hamming.hamming(Hamming.kt:21)
	at Hamming.hamming(Hamming.kt:21)
	at Hamming.hamming(Hamming.kt:21)
	at Hamming.hamming(Hamming.kt:21)
	at Hamming.hamming(Hamming.kt:21)
	at Hamming.hamming(Hamming.kt:21)
	at Hamming.hamming(Hamming.kt:21)
	at Hamming.hamming(Hamming.kt:21)
	at Hamming.hamming(Hamming.kt:21)
	at Hamming.hamming(Hamming.kt:21)
	at Hamming.hamming(Hamming.kt:21)
	at Hamming.hamming(Hamming.kt:21)
	at Hamming.hamming(Hamming.kt:21)
	at Hamming.hamming(Hamming.kt:21)
	at Hamming.hamming(Hamming.kt:21)
	at Hamming.hamming(Hamming.kt:21)
	at Hamming.hamming(Hamming.kt:21)
	at Hamming.hamming(Hamming.kt:21)
	at Hamming.hamming(Hamming.kt:21)
	at Hamming.hamming(Hamming.kt:21)
	at Hamming.hamming(Hamming.kt:21)
	at Hamming.hamming(Hamming.kt:21)
	at Hamming.hamming(Hamming.kt:21)
	at Hamming.hamming(Hamming.kt:21)
	at Hamming.hamming(Hamming.kt:21)
	at Hamming.hamming(Hamming.kt:21)
	at Hamming.hamming(Hamming.kt:21)
	at Hamming.hamming(Hamming.kt:21)
	at Hamming.hamming(Hamming.kt:21)
	at Hamming.hamming(Hamming.kt:21)
	at Hamming.hamming(Hamming.kt:21)
	at Hamming.hamming(Hamming.kt:21)
	at Hamming.hamming(Hamming.kt:21)
	at Hamming.hamming(Hamming.kt:21)
	at Hamming.hamming(Hamming.kt:21)
	at Hamming.hamming(Hamming.kt:21)
	at Hamming.hamming(Hamming.kt:21)
	at Hamming.hamming(Hamming.kt:21)
	at Hamming.hamming(Hamming.kt:21)
	at Hamming.hamming(Hamming.kt:21)
	at Hamming.hamming(Hamming.kt:21)
	at Hamming.hamming(Hamming.kt:21)
	at Hamming.hamming(Hamming.kt:21)
	at Hamming.hamming(Hamming.kt:21)
	at Hamming.hamming(Hamming.kt:21)
	at Hamming.hamming(Hamming.kt:21)
	at Hamming.hamming(Hamming.kt:21)
	at Hamming.hamming(Hamming.kt:21)
	at Hamming.hamming(Hamming.kt:21)
	at Hamming.hamming(Hamming.kt:21)
	at Hamming.hamming(Hamming.kt:21)
	at Hamming.hamming(Hamming.kt:21)
	at Hamming.hamming(Hamming.kt:21)
	at Hamming.hamming(Hamming.kt:21)
	at Hamming.hamming(Hamming.kt:21)
	at Hamming.hamming(Hamming.kt:21)
	at Hamming.hamming(Hamming.kt:21)
	at Hamming.hamming(Hamming.kt:21)
	at Hamming.hamming(Hamming.kt:21)
	at Hamming.hamming(Hamming.kt:21)
	at Hamming.hamming(Hamming.kt:21)
	at Hamming.hamming(Hamming.kt:21)
	at Hamming.hamming(Hamming.kt:21)
	at Hamming.hamming(Hamming.kt:21)
	at Hamming.hamming(Hamming.kt:21)
	at Hamming.hamming(Hamming.kt:21)
	at Hamming.hamming(Hamming.kt:21)
	at Hamming.hamming(Hamming.kt:21)
	at Hamming.hamming(Hamming.kt:21)
	at Hamming.hamming(Hamming.kt:21)
	at Hamming.hamming(Hamming.kt:21)
	at Hamming.hamming(Hamming.kt:21)
	at Hamming.hamming(Hamming.kt:21)
	at Hamming.hamming(Hamming.kt:21)
	at Hamming.hamming(Hamming.kt:21)
	at Hamming.hamming(Hamming.kt:21)
	at Hamming.hamming(Hamming.kt:21)
	at Hamming.hamming(Hamming.kt:21)
	at Hamming.hamming(Hamming.kt:21)
	at Hamming.hamming(Hamming.kt:21)
	at Hamming.hamming(Hamming.kt:21)
	at Hamming.hamming(Hamming.kt:21)
	at Hamming.hamming(Hamming.kt:21)
	at Hamming.hamming(Hamming.kt:21)
	at Hamming.hamming(Hamming.kt:21)
	at Hamming.hamming(Hamming.kt:21)
	at Hamming.hamming(Hamming.kt:21)
	at Hamming.hamming(Hamming.kt:21)
	at Hamming.hamming(Hamming.kt:21)
	at Hamming.hamming(Hamming.kt:21)
	at Hamming.hamming(Hamming.kt:21)
	at Hamming.hamming(Hamming.kt:21)
	at Hamming.hamming(Hamming.kt:21)
	at Hamming.hamming(Hamming.kt:21)
	at Hamming.hamming(Hamming.kt:21)
	at Hamming.hamming(Hamming.kt:21)
	at Hamming.hamming(Hamming.kt:21)
	at Hamming.hamming(Hamming.kt:21)
	at Hamming.hamming(Hamming.kt:21)
	at Hamming.hamming(Hamming.kt:21)
	at Hamming.hamming(Hamming.kt:21)
	at Hamming.hamming(Hamming.kt:21)
	at Hamming.hamming(Hamming.kt:21)
	at Hamming.hamming(Hamming.kt:21)
	at Hamming.hamming(Hamming.kt:21)
	at Hamming.hamming(Hamming.kt:21)
	at Hamming.hamming(Hamming.kt:21)
	at Hamming.hamming(Hamming.kt:21)
	at Hamming.hamming(Hamming.kt:21)
	at Hamming.hamming(Hamming.kt:21)
	at Hamming.hamming(Hamming.kt:21)
	at Hamming.hamming(Hamming.kt:21)
	at Hamming.hamming(Hamming.kt:21)
	at Hamming.hamming(Hamming.kt:21)
	at Hamming.hamming(Hamming.kt:21)
	at Hamming.hamming(Hamming.kt:21)
	at Hamming.hamming(Hamming.kt:21)
	at Hamming.hamming(Hamming.kt:21)
	at Hamming.hamming(Hamming.kt:21)
	at Hamming.hamming(Hamming.kt:21)
	at Hamming.hamming(Hamming.kt:21)
	at Hamming.hamming(Hamming.kt:21)
	at Hamming.hamming(Hamming.kt:21)
	at Hamming.hamming(Hamming.kt:21)
	at Hamming.hamming(Hamming.kt:21)
	at Hamming.hamming(Hamming.kt:21)
	at Hamming.hamming(Hamming.kt:21)
	at Hamming.hamming(Hamming.kt:21)
	at Hamming.hamming(Hamming.kt:21)
	at Hamming.hamming(Hamming.kt:21)
	at Hamming.hamming(Hamming.kt:21)
	at Hamming.hamming(Hamming.kt:21)
	at Hamming.hamming(Hamming.kt:21)
	at Hamming.hamming(Hamming.kt:21)
	at Hamming.hamming(Hamming.kt:21)
	at Hamming.hamming(Hamming.kt:21)
	at Hamming.hamming(Hamming.kt:21)
	at Hamming.hamming(Hamming.kt:21)
	at Hamming.hamming(Hamming.kt:21)
	at Hamming.hamming(Hamming.kt:21)
	at Hamming.hamming(Hamming.kt:21)
	at Hamming.hamming(Hamming.kt:21)
	at Hamming.hamming(Hamming.kt:21)
	at Hamming.hamming(Hamming.kt:21)
	at Hamming.hamming(Hamming.kt:21)
	at Hamming.hamming(Hamming.kt:21)
	at Hamming.hamming(Hamming.kt:21)
	at Hamming.hamming(Hamming.kt:21)
	at Hamming.hamming(Hamming.kt:21)
	at Hamming.hamming(Hamming.kt:21)
	at Hamming.hamming(Hamming.kt:21)
	at Hamming.hamming(Hamming.kt:21)
	at Hamming.hamming(Hamming.kt:21)
	at Hamming.hamming(Hamming.kt:21)
	at Hamming.hamming(Hamming.kt:21)
	at Hamming.hamming(Hamming.kt:21)
	at Hamming.hamming(Hamming.kt:21)
	at Hamming.hamming(Hamming.kt:21)
	at Hamming.hamming(Hamming.kt:21)
	at Hamming.hamming(Hamming.kt:21)
	at Hamming.hamming(Hamming.kt:21)
	at Hamming.hamming(Hamming.kt:21)
	at Hamming.hamming(Hamming.kt:21)
	at Hamming.hamming(Hamming.kt:21)
	at Hamming.hamming(Hamming.kt:21)
	at Hamming.hamming(Hamming.kt:21)
	at Hamming.hamming(Hamming.kt:21)
	at Hamming.hamming(Hamming.kt:21)
	at Hamming.hamming(Hamming.kt:21)
	at Hamming.hamming(Hamming.kt:21)
	at Hamming.hamming(Hamming.kt:21)
	at Hamming.hamming(Hamming.kt:21)
	at Hamming.hamming(Hamming.kt:21)
	at Hamming.hamming(Hamming.kt:21)
	at Hamming.hamming(Hamming.kt:21)
	at Hamming.hamming(Hamming.kt:21)
	at Hamming.hamming(Hamming.kt:21)
	at Hamming.hamming(Hamming.kt:21)
	at Hamming.hamming(Hamming.kt:21)
	at Hamming.hamming(Hamming.kt:21)
	at Hamming.hamming(Hamming.kt:21)
	at Hamming.hamming(Hamming.kt:21)
	at Hamming.hamming(Hamming.kt:21)
	at Hamming.hamming(Hamming.kt:21)
	at Hamming.hamming(Hamming.kt:21)
	at Hamming.hamming(Hamming.kt:21)
	at Hamming.hamming(Hamming.kt:21)
	at Hamming.hamming(Hamming.kt:21)
	at Hamming.hamming(Hamming.kt:21)
	at Hamming.hamming(Hamming.kt:21)
	at Hamming.hamming(Hamming.kt:21)
	at Hamming.hamming(Hamming.kt:21)
	at Hamming.hamming(Hamming.kt:21)
	at Hamming.hamming(Hamming.kt:21)
	at Hamming.hamming(Hamming.kt:21)
	at Hamming.hamming(Hamming.kt:21)
	at Hamming.hamming(Hamming.kt:21)
	at Hamming.hamming(Hamming.kt:21)
	at Hamming.hamming(Hamming.kt:21)
	at Hamming.hamming(Hamming.kt:21)
	at Hamming.hamming(Hamming.kt:21)
	at Hamming.hamming(Hamming.kt:21)
	at Hamming.hamming(Hamming.kt:21)
	at Hamming.hamming(Hamming.kt:21)
	at Hamming.hamming(Hamming.kt:21)
	at Hamming.hamming(Hamming.kt:21)
	at Hamming.hamming(Hamming.kt:21)
	at Hamming.hamming(Hamming.kt:21)
	at Hamming.hamming(Hamming.kt:21)
	at Hamming.hamming(Hamming.kt:21)
	at Hamming.hamming(Hamming.kt:21)
	at Hamming.hamming(Hamming.kt:21)
	at Hamming.hamming(Hamming.kt:21)
	at Hamming.hamming(Hamming.kt:21)
	at Hamming.hamming(Hamming.kt:21)
	at Hamming.hamming(Hamming.kt:21)
	at Hamming.hamming(Hamming.kt:21)
	at Hamming.hamming(Hamming.kt:21)
	at Hamming.hamming(Hamming.kt:21)
	at Hamming.hamming(Hamming.kt:21)
	at Hamming.hamming(Hamming.kt:21)
	at Hamming.hamming(Hamming.kt:21)
	at Hamming.hamming(Hamming.kt:21)
	at Hamming.hamming(Hamming.kt:21)
	at Hamming.hamming(Hamming.kt:21)
	at Hamming.hamming(Hamming.kt:21)
	at Hamming.hamming(Hamming.kt:21)
	at Hamming.hamming(Hamming.kt:21)
	at Hamming.hamming(Hamming.kt:21)
	at Hamming.hamming(Hamming.kt:21)
	at Hamming.hamming(Hamming.kt:21)
	at Hamming.hamming(Hamming.kt:21)
	at Hamming.hamming(Hamming.kt:21)
	at Hamming.hamming(Hamming.kt:21)
	at Hamming.hamming(Hamming.kt:21)
	at Hamming.hamming(Hamming.kt:21)
	at Hamming.hamming(Hamming.kt:21)
	at Hamming.hamming(Hamming.kt:21)
	at Hamming.hamming(Hamming.kt:21)
	at Hamming.hamming(Hamming.kt:21)
	at Hamming.hamming(Hamming.kt:21)
	at Hamming.hamming(Hamming.kt:21)
	at Hamming.hamming(Hamming.kt:21)
	at Hamming.hamming(Hamming.kt:21)
	at Hamming.hamming(Hamming.kt:21)
	at Hamming.hamming(Hamming.kt:21)
	at Hamming.hamming(Hamming.kt:21)
	at Hamming.hamming(Hamming.kt:21)
	at Hamming.hamming(Hamming.kt:21)
	at Hamming.hamming(Hamming.kt:21)
	at Hamming.hamming(Hamming.kt:21)
	at Hamming.hamming(Hamming.kt:21)
	at Hamming.hamming(Hamming.kt:21)
	at Hamming.hamming(Hamming.kt:21)
	at Hamming.hamming(Hamming.kt:21)
	at Hamming.hamming(Hamming.kt:21)
	at Hamming.hamming(Hamming.kt:21)
	at Hamming.hamming(Hamming.kt:21)
	at Hamming.hamming(Hamming.kt:21)
	at Hamming.hamming(Hamming.kt:21)
	at Hamming.hamming(Hamming.kt:21)
	at Hamming.hamming(Hamming.kt:21)
	at Hamming.hamming(Hamming.kt:21)
	at Hamming.hamming(Hamming.kt:21)
	at Hamming.hamming(Hamming.kt:21)
	at Hamming.hamming(Hamming.kt:21)
	at Hamming.hamming(Hamming.kt:21)
	at Hamming.hamming(Hamming.kt:21)
	at Hamming.hamming(Hamming.kt:21)
	at Hamming.hamming(Hamming.kt:21)
	at Hamming.hamming(Hamming.kt:21)
	at Hamming.hamming(Hamming.kt:21)
	at Hamming.hamming(Hamming.kt:21)
	at Hamming.hamming(Hamming.kt:21)
	at Hamming.hamming(Hamming.kt:21)
	at Hamming.hamming(Hamming.kt:21)
	at Hamming.hamming(Hamming.kt:21)
	at Hamming.hamming(Hamming.kt:21)
	at Hamming.hamming(Hamming.kt:21)
	at Hamming.hamming(Hamming.kt:21)
	at Hamming.hamming(Hamming.kt:21)
	at Hamming.hamming(Hamming.kt:21)
	at Hamming.hamming(Hamming.kt:21)
	at Hamming.hamming(Hamming.kt:21)
	at Hamming.hamming(Hamming.kt:21)
	at Hamming.hamming(Hamming.kt:21)
	at Hamming.hamming(Hamming.kt:21)
	at Hamming.hamming(Hamming.kt:21)
	at Hamming.hamming(Hamming.kt:21)
	at Hamming.hamming(Hamming.kt:21)
	at Hamming.hamming(Hamming.kt:21)
	at Hamming.hamming(Hamming.kt:21)
	at Hamming.hamming(Hamming.kt:21)
	at Hamming.hamming(Hamming.kt:21)
	at Hamming.hamming(Hamming.kt:21)
	at Hamming.hamming(Hamming.kt:21)
	at Hamming.hamming(Hamming.kt:21)
	at Hamming.hamming(Hamming.kt:21)
	at Hamming.hamming(Hamming.kt:21)
	at Hamming.hamming(Hamming.kt:21)
	at Hamming.hamming(Hamming.kt:21)
	at Hamming.hamming(Hamming.kt:21)
	at Hamming.hamming(Hamming.kt:21)
	at Hamming.hamming(Hamming.kt:21)
	at Hamming.hamming(Hamming.kt:21)
	at Hamming.hamming(Hamming.kt:21)
	at Hamming.hamming(Hamming.kt:21)
	at Hamming.hamming(Hamming.kt:21)
	at Hamming.hamming(Hamming.kt:21)
	at Hamming.hamming(Hamming.kt:21)
	at Hamming.hamming(Hamming.kt:21)
	at Hamming.hamming(Hamming.kt:21)
	at Hamming.hamming(Hamming.kt:21)
	at Hamming.hamming(Hamming.kt:21)
	at Hamming.hamming(Hamming.kt:21)
	at Hamming.hamming(Hamming.kt:21)
	at Hamming.hamming(Hamming.kt:21)
	at Hamming.hamming(Hamming.kt:21)
	at Hamming.hamming(Hamming.kt:21)
	at Hamming.hamming(Hamming.kt:21)
	at Hamming.hamming(Hamming.kt:21)
	at Hamming.hamming(Hamming.kt:21)
	at Hamming.hamming(Hamming.kt:21)
	at Hamming.hamming(Hamming.kt:21)
	at Hamming.hamming(Hamming.kt:21)
	at Hamming.hamming(Hamming.kt:21)
	at Hamming.hamming(Hamming.kt:21)
	at Hamming.hamming(Hamming.kt:21)
	at Hamming.hamming(Hamming.kt:21)
	at Hamming.hamming(Hamming.kt:21)
	at Hamming.hamming(Hamming.kt:21)
	at Hamming.hamming(Hamming.kt:21)
	at Hamming.hamming(Hamming.kt:21)
	at Hamming.hamming(Hamming.kt:21)
	at Hamming.hamming(Hamming.kt:21)
	at Hamming.hamming(Hamming.kt:21)
	at Hamming.hamming(Hamming.kt:21)
	at Hamming.hamming(Hamming.kt:21)
	at Hamming.hamming(Hamming.kt:21)
	at Hamming.hamming(Hamming.kt:21)
	at Hamming.hamming(Hamming.kt:21)
	at Hamming.hamming(Hamming.kt:21)
	at Hamming.hamming(Hamming.kt:21)
	at Hamming.hamming(Hamming.kt:21)
	at Hamming.hamming(Hamming.kt:21)
	at Hamming.hamming(Hamming.kt:21)
	at Hamming.hamming(Hamming.kt:21)
	at Hamming.hamming(Hamming.kt:21)
	at Hamming.hamming(Hamming.kt:21)
	at Hamming.hamming(Hamming.kt:21)
	at Hamming.hamming(Hamming.kt:21)
	at Hamming.hamming(Hamming.kt:21)
	at Hamming.hamming(Hamming.kt:21)
	at Hamming.hamming(Hamming.kt:21)
	at Hamming.hamming(Hamming.kt:21)
	at Hamming.hamming(Hamming.kt:21)
	at Hamming.hamming(Hamming.kt:21)
	at Hamming.hamming(Hamming.kt:21)
	at Hamming.hamming(Hamming.kt:21)
	at Hamming.hamming(Hamming.kt:21)
	at Hamming.hamming(Hamming.kt:21)
	at Hamming.hamming(Hamming.kt:21)
	at Hamming.hamming(Hamming.kt:21)
	at Hamming.hamming(Hamming.kt:21)
	at Hamming.hamming(Hamming.kt:21)
	at Hamming.hamming(Hamming.kt:21)
	at Hamming.hamming(Hamming.kt:21)
	at Hamming.hamming(Hamming.kt:21)
	at Hamming.hamming(Hamming.kt:21)
	at Hamming.hamming(Hamming.kt:21)
	at Hamming.hamming(Hamming.kt:21)
	at Hamming.hamming(Hamming.kt:21)
	at Hamming.hamming(Hamming.kt:21)
	at Hamming.hamming(Hamming.kt:21)
	at Hamming.hamming(Hamming.kt:21)
	at Hamming.hamming(Hamming.kt:21)
	at Hamming.hamming(Hamming.kt:21)
	at Hamming.hamming(Hamming.kt:21)
	at Hamming.hamming(Hamming.kt:21)
	at Hamming.hamming(Hamming.kt:21)
	at Hamming.hamming(Hamming.kt:21)
	at Hamming.hamming(Hamming.kt:21)
	at Hamming.hamming(Hamming.kt:21)
	at Hamming.hamming(Hamming.kt:21)
	at Hamming.hamming(Hamming.kt:21)
	at Hamming.hamming(Hamming.kt:21)
	at Hamming.hamming(Hamming.kt:21)
	at Hamming.hamming(Hamming.kt:21)
	at Hamming.hamming(Hamming.kt:21)
	at Hamming.hamming(Hamming.kt:21)
	at Hamming.hamming(Hamming.kt:21)
	at Hamming.hamming(Hamming.kt:21)
	at Hamming.hamming(Hamming.kt:21)
	at Hamming.hamming(Hamming.kt:21)
	at Hamming.hamming(Hamming.kt:21)
	at Hamming.hamming(Hamming.kt:21)
	at Hamming.hamming(Hamming.kt:21)
	at Hamming.hamming(Hamming.kt:21)
	at Hamming.hamming(Hamming.kt:21)
	at Hamming.hamming(Hamming.kt:21)
	at Hamming.hamming(Hamming.kt:21)
	at Hamming.hamming(Hamming.kt:21)
	at Hamming.hamming(Hamming.kt:21)
	at Hamming.hamming(Hamming.kt:21)
	at Hamming.hamming(Hamming.kt:21)
	at Hamming.hamming(Hamming.kt:21)
	at Hamming.hamming(Hamming.kt:21)
	at Hamming.hamming(Hamming.kt:21)
	at Hamming.hamming(Hamming.kt:21)
	at Hamming.hamming(Hamming.kt:21)
	at Hamming.hamming(Hamming.kt:21)
	at Hamming.hamming(Hamming.kt:21)
	at Hamming.hamming(Hamming.kt:21)
	at Hamming.hamming(Hamming.kt:21)
	at Hamming.hamming(Hamming.kt:21)
	at Hamming.hamming(Hamming.kt:21)
	at Hamming.hamming(Hamming.kt:21)
	at Hamming.hamming(Hamming.kt:21)
	at Hamming.hamming(Hamming.kt:21)
	at Hamming.hamming(Hamming.kt:21)
	at Hamming.hamming(Hamming.kt:21)
	at Hamming.hamming(Hamming.kt:21)
	at Hamming.hamming(Hamming.kt:21)
	at Hamming.hamming(Hamming.kt:21)
	at Hamming.hamming(Hamming.kt:21)
	at Hamming.hamming(Hamming.kt:21)
	at Hamming.hamming(Hamming.kt:21)
	at Hamming.hamming(Hamming.kt:21)
	at Hamming.hamming(Hamming.kt:21)
	at Hamming.hamming(Hamming.kt:21)
	at Hamming.hamming(Hamming.kt:21)
	at Hamming.hamming(Hamming.kt:21)
	at Hamming.hamming(Hamming.kt:21)
	at Hamming.hamming(Hamming.kt:21)
	at Hamming.hamming(Hamming.kt:21)
	at Hamming.hamming(Hamming.kt:21)
	at Hamming.hamming(Hamming.kt:21)
	at Hamming.hamming(Hamming.kt:21)
	at Hamming.hamming(Hamming.kt:21)
	at Hamming.hamming(Hamming.kt:21)
	at Hamming.hamming(Hamming.kt:21)
	at Hamming.hamming(Hamming.kt:21)
	at Hamming.hamming(Hamming.kt:21)
	at Hamming.hamming(Hamming.kt:21)
	at Hamming.hamming(Hamming.kt:21)
	at Hamming.hamming(Hamming.kt:21)
	at Hamming.hamming(Hamming.kt:21)
	at Hamming.hamming(Hamming.kt:21)
	at Hamming.hamming(Hamming.kt:21)
	at Hamming.hamming(Hamming.kt:21)
	at Hamming.hamming(Hamming.kt:21)
	at Hamming.hamming(Hamming.kt:21)
	at Hamming.hamming(Hamming.kt:21)
	at Hamming.hamming(Hamming.kt:21)
	at Hamming.hamming(Hamming.kt:21)
	at Hamming.hamming(Hamming.kt:21)
	at Hamming.hamming(Hamming.kt:21)
	at Hamming.hamming(Hamming.kt:21)
	at Hamming.hamming(Hamming.kt:21)
	at Hamming.hamming(Hamming.kt:21)
	at Hamming.hamming(Hamming.kt:21)
	at Hamming.hamming(Hamming.kt:21)
	at Hamming.hamming(Hamming.kt:21)
	at Hamming.hamming(Hamming.kt:21)
	at Hamming.hamming(Hamming.kt:21)
	at Hamming.hamming(Hamming.kt:21)
	at Hamming.hamming(Hamming.kt:21)
	at Hamming.hamming(Hamming.kt:21)
	at Hamming.hamming(Hamming.kt:21)
	at Hamming.hamming(Hamming.kt:21)
	at Hamming.hamming(Hamming.kt:21)
	at Hamming.hamming(Hamming.kt:21)
	at Hamming.hamming(Hamming.kt:21)
	at Hamming.hamming(Hamming.kt:21)
	at Hamming.hamming(Hamming.kt:21)
	at Hamming.hamming(Hamming.kt:21)
	at Hamming.hamming(Hamming.kt:21)
	at Hamming.hamming(Hamming.kt:21)
	at Hamming.hamming(Hamming.kt:21)
	at Hamming.hamming(Hamming.kt:21)
	at Hamming.hamming(Hamming.kt:21)
	at Hamming.hamming(Hamming.kt:21)
	at Hamming.hamming(Hamming.kt:21)
	at Hamming.hamming(Hamming.kt:21)
	at Hamming.hamming(Hamming.kt:21)
	at Hamming.hamming(Hamming.kt:21)
	at Hamming.hamming(Hamming.kt:21)
	at Hamming.hamming(Hamming.kt:21)
	at Hamming.hamming(Hamming.kt:21)
	at Hamming.hamming(Hamming.kt:21)
	at Hamming.hamming(Hamming.kt:21)
	at Hamming.hamming(Hamming.kt:21)
	at Hamming.hamming(Hamming.kt:21)
	at Hamming.hamming(Hamming.kt:21)
	at Hamming.hamming(Hamming.kt:21)
	at Hamming.hamming(Hamming.kt:21)
	at Hamming.hamming(Hamming.kt:21)
	at Hamming.hamming(Hamming.kt:21)
	at Hamming.hamming(Hamming.kt:21)
	at Hamming.hamming(Hamming.kt:21)
	at Hamming.hamming(Hamming.kt:21)
	at Hamming.hamming(Hamming.kt:21)
	at Hamming.hamming(Hamming.kt:21)
	at Hamming.hamming(Hamming.kt:21)
	at Hamming.hamming(Hamming.kt:21)
	at Hamming.hamming(Hamming.kt:21)
	at Hamming.hamming(Hamming.kt:21)
	at Hamming.hamming(Hamming.kt:21)
	at Hamming.hamming(Hamming.kt:21)
	at Hamming.hamming(Hamming.kt:21)
	at Hamming.hamming(Hamming.kt:21)
	at Hamming.hamming(Hamming.kt:21)
	at Hamming.hamming(Hamming.kt:21)
	at Hamming.hamming(Hamming.kt:21)
	at Hamming.hamming(Hamming.kt:21)
	at Hamming.hamming(Hamming.kt:21)
	at Hamming.hamming(Hamming.kt:21)
	at Hamming.hamming(Hamming.kt:21)
	at Hamming.hamming(Hamming.kt:21)
	at Hamming.hamming(Hamming.kt:21)
	at Hamming.hamming(Hamming.kt:21)
	at Hamming.hamming(Hamming.kt:21)
	at Hamming.hamming(Hamming.kt:21)
	at Hamming.hamming(Hamming.kt:21)
	at Hamming.hamming(Hamming.kt:21)
	at Hamming.hamming(Hamming.kt:21)
	at Hamming.hamming(Hamming.kt:21)
	at Hamming.hamming(Hamming.kt:21)
	at Hamming.hamming(Hamming.kt:21)
	at Hamming.hamming(Hamming.kt:21)
	at Hamming.hamming(Hamming.kt:21)
	at Hamming.hamming(Hamming.kt:21)
	at Hamming.hamming(Hamming.kt:21)
	at Hamming.hamming(Hamming.kt:21)
	at Hamming.hamming(Hamming.kt:21)
	at Hamming.hamming(Hamming.kt:21)
	at Hamming.hamming(Hamming.kt:21)
	at Hamming.hamming(Hamming.kt:21)
	at Hamming.hamming(Hamming.kt:21)
	at Hamming.hamming(Hamming.kt:21)
	at Hamming.hamming(Hamming.kt:21)
	at Hamming.hamming(Hamming.kt:21)
	at Hamming.hamming(Hamming.kt:21)
	at Hamming.hamming(Hamming.kt:21)
	at Hamming.hamming(Hamming.kt:21)
	at Hamming.hamming(Hamming.kt:21)
	at Hamming.hamming(Hamming.kt:21)
	at Hamming.hamming(Hamming.kt:21)
	at Hamming.hamming(Hamming.kt:21)
	at Hamming.hamming(Hamming.kt:21)
	at Hamming.hamming(Hamming.kt:21)
	at Hamming.hamming(Hamming.kt:21)
	at Hamming.hamming(Hamming.kt:21)
	at Hamming.hamming(Hamming.kt:21)
	at Hamming.hamming(Hamming.kt:21)
	at Hamming.hamming(Hamming.kt:21)
	at Hamming.hamming(Hamming.kt:21)
	at Hamming.hamming(Hamming.kt:21)
	at Hamming.hamming(Hamming.kt:21)
	at Hamming.hamming(Hamming.kt:21)
	at Hamming.hamming(Hamming.kt:21)
	at Hamming.hamming(Hamming.kt:21)
	at Hamming.hamming(Hamming.kt:21)
	at Hamming.hamming(Hamming.kt:21)
	at Hamming.hamming(Hamming.kt:21)
	at Hamming.hamming(Hamming.kt:21)
	at Hamming.hamming(Hamming.kt:21)
	at Hamming.hamming(Hamming.kt:21)
	at Hamming.hamming(Hamming.kt:21)
	at Hamming.hamming(Hamming.kt:21)
	at Hamming.hamming(Hamming.kt:21)
	at Hamming.hamming(Hamming.kt:21)
	at Hamming.hamming(Hamming.kt:21)
	at Hamming.hamming(Hamming.kt:21)
	at Hamming.hamming(Hamming.kt:21)
	at Hamming.hamming(Hamming.kt:21)
	at Hamming.hamming(Hamming.kt:21)
	at Hamming.hamming(Hamming.kt:21)
	at Hamming.hamming(Hamming.kt:21)
	at Hamming.hamming(Hamming.kt:21)
	at Hamming.hamming(Hamming.kt:21)
	at Hamming.hamming(Hamming.kt:21)
	at Hamming.hamming(Hamming.kt:21)
	at Hamming.hamming(Hamming.kt:21)
	at Hamming.hamming(Hamming.kt:21)
	at Hamming.hamming(Hamming.kt:21)
	at Hamming.hamming(Hamming.kt:21)
	at Hamming.hamming(Hamming.kt:21)
	at Hamming.hamming(Hamming.kt:21)
	at Hamming.hamming(Hamming.kt:21)
	at Hamming.hamming(Hamming.kt:21)
	at Hamming.hamming(Hamming.kt:21)
	at Hamming.hamming(Hamming.kt:21)
	at Hamming.hamming(Hamming.kt:21)
	at Hamming.hamming(Hamming.kt:21)
	at Hamming.hamming(Hamming.kt:21)
	at Hamming.hamming(Hamming.kt:21)
	at Hamming.hamming(Hamming.kt:21)
	at Hamming.hamming(Hamming.kt:21)
	at Hamming.hamming(Hamming.kt:21)
	at Hamming.hamming(Hamming.kt:21)
	at Hamming.hamming(Hamming.kt:21)
	at Hamming.hamming(Hamming.kt:21)
	at Hamming.hamming(Hamming.kt:21)
	at Hamming.hamming(Hamming.kt:21)
	at Hamming.hamming(Hamming.kt:21)
	at Hamming.hamming(Hamming.kt:21)
	at Hamming.hamming(Hamming.kt:21)
	at Hamming.hamming(Hamming.kt:21)
	at Hamming.hamming(Hamming.kt:21)
	at Hamming.hamming(Hamming.kt:21)
	at Hamming.hamming(Hamming.kt:21)
	at Hamming.hamming(Hamming.kt:21)
	at Hamming.hamming(Hamming.kt:21)
	at Hamming.hamming(Hamming.kt:21)
	at Hamming.hamming(Hamming.kt:21)
	at Hamming.hamming(Hamming.kt:21)
	at Hamming.hamming(Hamming.kt:21)
	at Hamming.hamming(Hamming.kt:21)
	at Hamming.hamming(Hamming.kt:21)
	at Hamming.hamming(Hamming.kt:21)
	at Hamming.hamming(Hamming.kt:21)
	at Hamming.hamming(Hamming.kt:21)
	at Hamming.hamming(Hamming.kt:21)
	at Hamming.hamming(Hamming.kt:21)
	at Hamming.hamming(Hamming.kt:21)
	at Hamming.hamming(Hamming.kt:21)
	at Hamming.hamming(Hamming.kt:21)
	at Hamming.hamming(Hamming.kt:21)
	at Hamming.hamming(Hamming.kt:21)
	at Hamming.hamming(Hamming.kt:21)
	at Hamming.hamming(Hamming.kt:21)
	at Hamming.hamming(Hamming.kt:21)
	at Hamming.hamming(Hamming.kt:21)
	at Hamming.hamming(Hamming.kt:21)
	at Hamming.hamming(Hamming.kt:21)
	at Hamming.hamming(Hamming.kt:21)
	at Hamming.hamming(Hamming.kt:21)
	at Hamming.hamming(Hamming.kt:21)
	at Hamming.hamming(Hamming.kt:21)
	at Hamming.hamming(Hamming.kt:21)
	at Hamming.hamming(Hamming.kt:21)
	at Hamming.hamming(Hamming.kt:21)
	at Hamming.hamming(Hamming.kt:21)
	at Hamming.hamming(Hamming.kt:21)
	at Hamming.hamming(Hamming.kt:21)
	at Hamming.hamming(Hamming.kt:21)
	at Hamming.hamming(Hamming.kt:21)
	at Hamming.hamming(Hamming.kt:21)
	at Hamming.hamming(Hamming.kt:21)
	at Hamming.hamming(Hamming.kt:21)
	at Hamming.hamming(Hamming.kt:21)
	at Hamming.hamming(Hamming.kt:21)
	at Hamming.hamming(Hamming.kt:21)
	at Hamming.hamming(Hamming.kt:21)
	at Hamming.hamming(Hamming.kt:21)
	at Hamming.hamming(Hamming.kt:21)
	at Hamming.hamming(Hamming.kt:21)
	at Hamming.hamming(Hamming.kt:21)
</failure>
  </testcase>
  <system-out><![CDATA[]]></system-out>
  <system-err><![CDATA[]]></system-err>
</testsuite>
