<?xml version="1.0" encoding="UTF-8"?>
<testsuite name="HelloWorldTest" tests="1" skipped="0" failures="0" errors="0" timestamp="2020-04-19T09:44:46" hostname="DESKTOP-7LPFUP5" time="0.021">
  <properties/>
  <testcase name="helloWorldTest" classname="HelloWorldTest" time="0.021"/>
  <system-out><![CDATA[]]></system-out>
  <system-err><![CDATA[]]></system-err>
</testsuite>
